{"/home/varun/projects/git_projects/samvaad/frontend/src/App.tsx": {"path":"/home/varun/projects/git_projects/samvaad/frontend/src/App.tsx","all":false,"statementMap":{"0":{"start":{"line":1,"column":0},"end":{"line":1,"column":74}},"1":{"start":{"line":2,"column":0},"end":{"line":2,"column":62}},"2":{"start":{"line":3,"column":0},"end":{"line":3,"column":57}},"3":{"start":{"line":4,"column":0},"end":{"line":4,"column":34}},"4":{"start":{"line":5,"column":0},"end":{"line":5,"column":32}},"5":{"start":{"line":6,"column":0},"end":{"line":6,"column":32}},"6":{"start":{"line":7,"column":0},"end":{"line":7,"column":0}},"7":{"start":{"line":8,"column":0},"end":{"line":8,"column":22}},"8":{"start":{"line":9,"column":0},"end":{"line":9,"column":40}},"9":{"start":{"line":10,"column":0},"end":{"line":10,"column":0}},"10":{"start":{"line":11,"column":0},"end":{"line":11,"column":10}},"11":{"start":{"line":12,"column":0},"end":{"line":12,"column":12}},"12":{"start":{"line":13,"column":0},"end":{"line":13,"column":12}},"13":{"start":{"line":14,"column":0},"end":{"line":14,"column":16}},"14":{"start":{"line":15,"column":0},"end":{"line":15,"column":79}},"15":{"start":{"line":16,"column":0},"end":{"line":16,"column":8}},"16":{"start":{"line":17,"column":0},"end":{"line":17,"column":12}},"17":{"start":{"line":18,"column":0},"end":{"line":18,"column":20}},"18":{"start":{"line":19,"column":0},"end":{"line":19,"column":17}},"19":{"start":{"line":20,"column":0},"end":{"line":20,"column":26}},"20":{"start":{"line":21,"column":0},"end":{"line":21,"column":20}},"21":{"start":{"line":22,"column":0},"end":{"line":22,"column":27}},"22":{"start":{"line":23,"column":0},"end":{"line":23,"column":9}},"23":{"start":{"line":24,"column":0},"end":{"line":24,"column":8}},"24":{"start":{"line":25,"column":0},"end":{"line":25,"column":12}},"25":{"start":{"line":26,"column":0},"end":{"line":26,"column":28}},"26":{"start":{"line":27,"column":0},"end":{"line":27,"column":17}},"27":{"start":{"line":28,"column":0},"end":{"line":28,"column":26}},"28":{"start":{"line":29,"column":0},"end":{"line":29,"column":20}},"29":{"start":{"line":30,"column":0},"end":{"line":30,"column":27}},"30":{"start":{"line":31,"column":0},"end":{"line":31,"column":9}},"31":{"start":{"line":32,"column":0},"end":{"line":32,"column":8}},"32":{"start":{"line":33,"column":0},"end":{"line":33,"column":62}},"33":{"start":{"line":34,"column":0},"end":{"line":34,"column":13}},"34":{"start":{"line":35,"column":0},"end":{"line":35,"column":4}},"35":{"start":{"line":36,"column":0},"end":{"line":36,"column":1}},"36":{"start":{"line":37,"column":0},"end":{"line":37,"column":0}},"37":{"start":{"line":38,"column":0},"end":{"line":38,"column":16}},"38":{"start":{"line":39,"column":0},"end":{"line":39,"column":10}},"39":{"start":{"line":40,"column":0},"end":{"line":40,"column":19}},"40":{"start":{"line":41,"column":0},"end":{"line":41,"column":20}},"41":{"start":{"line":42,"column":0},"end":{"line":42,"column":21}},"42":{"start":{"line":43,"column":0},"end":{"line":43,"column":21}},"43":{"start":{"line":44,"column":0},"end":{"line":44,"column":20}},"44":{"start":{"line":45,"column":0},"end":{"line":45,"column":4}},"45":{"start":{"line":46,"column":0},"end":{"line":46,"column":1}},"46":{"start":{"line":47,"column":0},"end":{"line":47,"column":0}},"47":{"start":{"line":48,"column":0},"end":{"line":48,"column":19}}},"s":{"0":1,"1":1,"2":1,"3":1,"4":1,"5":1,"6":1,"7":7,"8":7,"9":7,"10":7,"11":7,"12":7,"13":7,"14":7,"15":7,"16":7,"17":7,"18":7,"19":7,"20":7,"21":7,"22":7,"23":7,"24":7,"25":7,"26":7,"27":7,"28":7,"29":7,"30":7,"31":7,"32":7,"33":7,"34":7,"35":7,"36":1,"37":7,"38":7,"39":7,"40":7,"41":7,"42":7,"43":7,"44":7,"45":7,"46":1,"47":1},"branchMap":{"0":{"type":"branch","line":8,"loc":{"start":{"line":8,"column":0},"end":{"line":36,"column":1}},"locations":[{"start":{"line":8,"column":0},"end":{"line":36,"column":1}}]},"1":{"type":"branch","line":15,"loc":{"start":{"line":15,"column":17},"end":{"line":15,"column":69}},"locations":[{"start":{"line":15,"column":17},"end":{"line":15,"column":69}}]},"2":{"type":"branch","line":15,"loc":{"start":{"line":15,"column":64},"end":{"line":15,"column":79}},"locations":[{"start":{"line":15,"column":64},"end":{"line":15,"column":79}}]},"3":{"type":"branch","line":38,"loc":{"start":{"line":38,"column":0},"end":{"line":46,"column":1}},"locations":[{"start":{"line":38,"column":0},"end":{"line":46,"column":1}}]}},"b":{"0":[7],"1":[4],"2":[3],"3":[7]},"fnMap":{"0":{"name":"AppRoutes","decl":{"start":{"line":8,"column":0},"end":{"line":36,"column":1}},"loc":{"start":{"line":8,"column":0},"end":{"line":36,"column":1}},"line":8},"1":{"name":"App","decl":{"start":{"line":38,"column":0},"end":{"line":46,"column":1}},"loc":{"start":{"line":38,"column":0},"end":{"line":46,"column":1}},"line":38}},"f":{"0":7,"1":7}}
,"/home/varun/projects/git_projects/samvaad/frontend/src/components/ProtectedRoute.tsx": {"path":"/home/varun/projects/git_projects/samvaad/frontend/src/components/ProtectedRoute.tsx","all":false,"statementMap":{"0":{"start":{"line":1,"column":0},"end":{"line":1,"column":44}},"1":{"start":{"line":2,"column":0},"end":{"line":2,"column":49}},"2":{"start":{"line":3,"column":0},"end":{"line":3,"column":0}},"3":{"start":{"line":4,"column":0},"end":{"line":4,"column":31}},"4":{"start":{"line":5,"column":0},"end":{"line":5,"column":28}},"5":{"start":{"line":6,"column":0},"end":{"line":6,"column":1}},"6":{"start":{"line":7,"column":0},"end":{"line":7,"column":0}},"7":{"start":{"line":8,"column":0},"end":{"line":8,"column":75}},"8":{"start":{"line":9,"column":0},"end":{"line":9,"column":40}},"9":{"start":{"line":10,"column":0},"end":{"line":10,"column":0}},"10":{"start":{"line":11,"column":0},"end":{"line":11,"column":25}},"11":{"start":{"line":12,"column":0},"end":{"line":12,"column":39}},"12":{"start":{"line":13,"column":0},"end":{"line":13,"column":3}},"13":{"start":{"line":14,"column":0},"end":{"line":14,"column":0}},"14":{"start":{"line":15,"column":0},"end":{"line":15,"column":25}},"15":{"start":{"line":16,"column":0},"end":{"line":16,"column":1}}},"s":{"0":1,"1":1,"2":1,"3":1,"4":1,"5":1,"6":1,"7":7,"8":7,"9":7,"10":7,"11":2,"12":2,"13":5,"14":5,"15":5},"branchMap":{"0":{"type":"branch","line":8,"loc":{"start":{"line":8,"column":0},"end":{"line":16,"column":1}},"locations":[{"start":{"line":8,"column":0},"end":{"line":16,"column":1}}]},"1":{"type":"branch","line":11,"loc":{"start":{"line":11,"column":24},"end":{"line":16,"column":1}},"locations":[{"start":{"line":11,"column":24},"end":{"line":16,"column":1}}]},"2":{"type":"branch","line":11,"loc":{"start":{"line":11,"column":24},"end":{"line":13,"column":3}},"locations":[{"start":{"line":11,"column":24},"end":{"line":13,"column":3}}]},"3":{"type":"branch","line":13,"loc":{"start":{"line":13,"column":2},"end":{"line":16,"column":1}},"locations":[{"start":{"line":13,"column":2},"end":{"line":16,"column":1}}]}},"b":{"0":[7],"1":[6],"2":[2],"3":[5]},"fnMap":{"0":{"name":"ProtectedRoute","decl":{"start":{"line":8,"column":0},"end":{"line":16,"column":1}},"loc":{"start":{"line":8,"column":0},"end":{"line":16,"column":1}},"line":8}},"f":{"0":7}}
,"/home/varun/projects/git_projects/samvaad/frontend/src/context/AuthContext.tsx": {"path":"/home/varun/projects/git_projects/samvaad/frontend/src/context/AuthContext.tsx","all":false,"statementMap":{"0":{"start":{"line":1,"column":0},"end":{"line":1,"column":60}},"1":{"start":{"line":2,"column":0},"end":{"line":2,"column":39}},"2":{"start":{"line":3,"column":0},"end":{"line":3,"column":37}},"3":{"start":{"line":4,"column":0},"end":{"line":4,"column":0}},"4":{"start":{"line":5,"column":0},"end":{"line":5,"column":27}},"5":{"start":{"line":6,"column":0},"end":{"line":6,"column":20}},"6":{"start":{"line":7,"column":0},"end":{"line":7,"column":32}},"7":{"start":{"line":8,"column":0},"end":{"line":8,"column":21}},"8":{"start":{"line":9,"column":0},"end":{"line":9,"column":27}},"9":{"start":{"line":10,"column":0},"end":{"line":10,"column":1}},"10":{"start":{"line":11,"column":0},"end":{"line":11,"column":0}},"11":{"start":{"line":12,"column":0},"end":{"line":12,"column":74}},"12":{"start":{"line":13,"column":0},"end":{"line":13,"column":0}},"13":{"start":{"line":14,"column":0},"end":{"line":14,"column":69}},"14":{"start":{"line":15,"column":0},"end":{"line":15,"column":55}},"15":{"start":{"line":16,"column":0},"end":{"line":16,"column":58}},"16":{"start":{"line":17,"column":0},"end":{"line":17,"column":46}},"17":{"start":{"line":18,"column":0},"end":{"line":18,"column":5}},"18":{"start":{"line":19,"column":0},"end":{"line":19,"column":0}},"19":{"start":{"line":20,"column":0},"end":{"line":20,"column":35}},"20":{"start":{"line":21,"column":0},"end":{"line":21,"column":27}},"21":{"start":{"line":22,"column":0},"end":{"line":22,"column":30}},"22":{"start":{"line":23,"column":0},"end":{"line":23,"column":24}},"23":{"start":{"line":24,"column":0},"end":{"line":24,"column":6}},"24":{"start":{"line":25,"column":0},"end":{"line":25,"column":21}},"25":{"start":{"line":26,"column":0},"end":{"line":26,"column":68}},"26":{"start":{"line":27,"column":0},"end":{"line":27,"column":4}},"27":{"start":{"line":28,"column":0},"end":{"line":28,"column":0}},"28":{"start":{"line":29,"column":0},"end":{"line":29,"column":24}},"29":{"start":{"line":30,"column":0},"end":{"line":30,"column":18}},"30":{"start":{"line":31,"column":0},"end":{"line":31,"column":46}},"31":{"start":{"line":32,"column":0},"end":{"line":32,"column":4}},"32":{"start":{"line":33,"column":0},"end":{"line":33,"column":0}},"33":{"start":{"line":34,"column":0},"end":{"line":34,"column":10}},"34":{"start":{"line":35,"column":0},"end":{"line":35,"column":25}},"35":{"start":{"line":36,"column":0},"end":{"line":36,"column":14}},"36":{"start":{"line":37,"column":0},"end":{"line":37,"column":13}},"37":{"start":{"line":38,"column":0},"end":{"line":38,"column":14}},"38":{"start":{"line":39,"column":0},"end":{"line":39,"column":15}},"39":{"start":{"line":40,"column":0},"end":{"line":40,"column":39}},"40":{"start":{"line":41,"column":0},"end":{"line":41,"column":8}},"41":{"start":{"line":42,"column":0},"end":{"line":42,"column":5}},"42":{"start":{"line":43,"column":0},"end":{"line":43,"column":16}},"43":{"start":{"line":44,"column":0},"end":{"line":44,"column":27}},"44":{"start":{"line":45,"column":0},"end":{"line":45,"column":4}},"45":{"start":{"line":46,"column":0},"end":{"line":46,"column":1}},"46":{"start":{"line":47,"column":0},"end":{"line":47,"column":0}},"47":{"start":{"line":48,"column":0},"end":{"line":48,"column":27}},"48":{"start":{"line":49,"column":0},"end":{"line":49,"column":42}},"49":{"start":{"line":50,"column":0},"end":{"line":50,"column":30}},"50":{"start":{"line":51,"column":0},"end":{"line":51,"column":67}},"51":{"start":{"line":52,"column":0},"end":{"line":52,"column":3}},"52":{"start":{"line":53,"column":0},"end":{"line":53,"column":17}},"53":{"start":{"line":54,"column":0},"end":{"line":54,"column":1}}},"s":{"0":1,"1":1,"2":1,"3":1,"4":1,"5":1,"6":1,"7":1,"8":1,"9":1,"10":1,"11":1,"12":1,"13":1,"14":45,"15":38,"16":38,"17":45,"18":45,"19":45,"20":5,"21":5,"22":5,"23":5,"24":5,"25":5,"26":5,"27":45,"28":45,"29":2,"30":2,"31":2,"32":45,"33":45,"34":45,"35":45,"36":45,"37":45,"38":45,"39":45,"40":45,"41":45,"42":45,"43":45,"44":45,"45":45,"46":1,"47":1,"48":111,"49":111,"50":2,"51":2,"52":109,"53":109},"branchMap":{"0":{"type":"branch","line":14,"loc":{"start":{"line":14,"column":7},"end":{"line":46,"column":1}},"locations":[{"start":{"line":14,"column":7},"end":{"line":46,"column":1}}]},"1":{"type":"branch","line":15,"loc":{"start":{"line":15,"column":48},"end":{"line":18,"column":3}},"locations":[{"start":{"line":15,"column":48},"end":{"line":18,"column":3}}]},"2":{"type":"branch","line":17,"loc":{"start":{"line":17,"column":11},"end":{"line":17,"column":41}},"locations":[{"start":{"line":17,"column":11},"end":{"line":17,"column":41}}]},"3":{"type":"branch","line":17,"loc":{"start":{"line":17,"column":37},"end":{"line":17,"column":46}},"locations":[{"start":{"line":17,"column":37},"end":{"line":17,"column":46}}]},"4":{"type":"branch","line":20,"loc":{"start":{"line":20,"column":16},"end":{"line":27,"column":4}},"locations":[{"start":{"line":20,"column":16},"end":{"line":27,"column":4}}]},"5":{"type":"branch","line":29,"loc":{"start":{"line":29,"column":17},"end":{"line":32,"column":4}},"locations":[{"start":{"line":29,"column":17},"end":{"line":32,"column":4}}]},"6":{"type":"branch","line":48,"loc":{"start":{"line":48,"column":7},"end":{"line":54,"column":1}},"locations":[{"start":{"line":48,"column":7},"end":{"line":54,"column":1}}]},"7":{"type":"branch","line":50,"loc":{"start":{"line":50,"column":29},"end":{"line":52,"column":3}},"locations":[{"start":{"line":50,"column":29},"end":{"line":52,"column":3}}]},"8":{"type":"branch","line":52,"loc":{"start":{"line":52,"column":2},"end":{"line":54,"column":1}},"locations":[{"start":{"line":52,"column":2},"end":{"line":54,"column":1}}]}},"b":{"0":[45],"1":[38],"2":[22],"3":[16],"4":[5],"5":[2],"6":[111],"7":[2],"8":[109]},"fnMap":{"0":{"name":"AuthProvider","decl":{"start":{"line":14,"column":7},"end":{"line":46,"column":1}},"loc":{"start":{"line":14,"column":7},"end":{"line":46,"column":1}},"line":14},"1":{"name":"login","decl":{"start":{"line":20,"column":16},"end":{"line":27,"column":4}},"loc":{"start":{"line":20,"column":16},"end":{"line":27,"column":4}},"line":20},"2":{"name":"logout","decl":{"start":{"line":29,"column":17},"end":{"line":32,"column":4}},"loc":{"start":{"line":29,"column":17},"end":{"line":32,"column":4}},"line":29},"3":{"name":"useAuth","decl":{"start":{"line":48,"column":7},"end":{"line":54,"column":1}},"loc":{"start":{"line":48,"column":7},"end":{"line":54,"column":1}},"line":48}},"f":{"0":45,"1":5,"2":2,"3":111}}
,"/home/varun/projects/git_projects/samvaad/frontend/src/pages/Call.tsx": {"path":"/home/varun/projects/git_projects/samvaad/frontend/src/pages/Call.tsx","all":false,"statementMap":{"0":{"start":{"line":1,"column":0},"end":{"line":1,"column":65}},"1":{"start":{"line":2,"column":0},"end":{"line":2,"column":58}},"2":{"start":{"line":3,"column":0},"end":{"line":3,"column":49}},"3":{"start":{"line":4,"column":0},"end":{"line":4,"column":50}},"4":{"start":{"line":5,"column":0},"end":{"line":5,"column":51}},"5":{"start":{"line":6,"column":0},"end":{"line":6,"column":78}},"6":{"start":{"line":7,"column":0},"end":{"line":7,"column":20}},"7":{"start":{"line":8,"column":0},"end":{"line":8,"column":0}},"8":{"start":{"line":9,"column":0},"end":{"line":9,"column":103}},"9":{"start":{"line":10,"column":0},"end":{"line":10,"column":0}},"10":{"start":{"line":11,"column":0},"end":{"line":11,"column":32}},"11":{"start":{"line":12,"column":0},"end":{"line":12,"column":53}},"12":{"start":{"line":13,"column":0},"end":{"line":13,"column":29}},"13":{"start":{"line":14,"column":0},"end":{"line":14,"column":33}},"14":{"start":{"line":15,"column":0},"end":{"line":15,"column":0}},"15":{"start":{"line":16,"column":0},"end":{"line":16,"column":55}},"16":{"start":{"line":17,"column":0},"end":{"line":17,"column":56}},"17":{"start":{"line":18,"column":0},"end":{"line":18,"column":55}},"18":{"start":{"line":19,"column":0},"end":{"line":19,"column":0}},"19":{"start":{"line":20,"column":0},"end":{"line":20,"column":45}},"20":{"start":{"line":21,"column":0},"end":{"line":21,"column":61}},"21":{"start":{"line":22,"column":0},"end":{"line":22,"column":61}},"22":{"start":{"line":23,"column":0},"end":{"line":23,"column":60}},"23":{"start":{"line":24,"column":0},"end":{"line":24,"column":58}},"24":{"start":{"line":25,"column":0},"end":{"line":25,"column":60}},"25":{"start":{"line":26,"column":0},"end":{"line":26,"column":0}},"26":{"start":{"line":27,"column":0},"end":{"line":27,"column":41}},"27":{"start":{"line":28,"column":0},"end":{"line":28,"column":38}},"28":{"start":{"line":29,"column":0},"end":{"line":29,"column":27}},"29":{"start":{"line":30,"column":0},"end":{"line":30,"column":33}},"30":{"start":{"line":31,"column":0},"end":{"line":31,"column":22}},"31":{"start":{"line":32,"column":0},"end":{"line":32,"column":17}},"32":{"start":{"line":33,"column":0},"end":{"line":33,"column":0}},"33":{"start":{"line":34,"column":0},"end":{"line":34,"column":19}},"34":{"start":{"line":35,"column":0},"end":{"line":35,"column":27}},"35":{"start":{"line":36,"column":0},"end":{"line":36,"column":20}},"36":{"start":{"line":37,"column":0},"end":{"line":37,"column":13}},"37":{"start":{"line":38,"column":0},"end":{"line":38,"column":5}},"38":{"start":{"line":39,"column":0},"end":{"line":39,"column":0}},"39":{"start":{"line":40,"column":0},"end":{"line":40,"column":25}},"40":{"start":{"line":41,"column":0},"end":{"line":41,"column":39}},"41":{"start":{"line":42,"column":0},"end":{"line":42,"column":31}},"42":{"start":{"line":43,"column":0},"end":{"line":43,"column":0}},"43":{"start":{"line":44,"column":0},"end":{"line":44,"column":40}},"44":{"start":{"line":45,"column":0},"end":{"line":45,"column":11}},"45":{"start":{"line":46,"column":0},"end":{"line":46,"column":54}},"46":{"start":{"line":47,"column":0},"end":{"line":47,"column":31}},"47":{"start":{"line":48,"column":0},"end":{"line":48,"column":0}},"48":{"start":{"line":49,"column":0},"end":{"line":49,"column":36}},"49":{"start":{"line":50,"column":0},"end":{"line":50,"column":56}},"50":{"start":{"line":51,"column":0},"end":{"line":51,"column":9}},"51":{"start":{"line":52,"column":0},"end":{"line":52,"column":0}},"52":{"start":{"line":53,"column":0},"end":{"line":53,"column":45}},"53":{"start":{"line":54,"column":0},"end":{"line":54,"column":39}},"54":{"start":{"line":55,"column":0},"end":{"line":55,"column":54}},"55":{"start":{"line":56,"column":0},"end":{"line":56,"column":11}},"56":{"start":{"line":57,"column":0},"end":{"line":57,"column":33}},"57":{"start":{"line":58,"column":0},"end":{"line":58,"column":10}},"58":{"start":{"line":59,"column":0},"end":{"line":59,"column":0}},"59":{"start":{"line":60,"column":0},"end":{"line":60,"column":48}},"60":{"start":{"line":61,"column":0},"end":{"line":61,"column":23}},"61":{"start":{"line":62,"column":0},"end":{"line":62,"column":28}},"62":{"start":{"line":63,"column":0},"end":{"line":63,"column":36}},"63":{"start":{"line":64,"column":0},"end":{"line":64,"column":25}},"64":{"start":{"line":65,"column":0},"end":{"line":65,"column":57}},"65":{"start":{"line":66,"column":0},"end":{"line":66,"column":15}},"66":{"start":{"line":67,"column":0},"end":{"line":67,"column":11}},"67":{"start":{"line":68,"column":0},"end":{"line":68,"column":10}},"68":{"start":{"line":69,"column":0},"end":{"line":69,"column":0}},"69":{"start":{"line":70,"column":0},"end":{"line":70,"column":53}},"70":{"start":{"line":71,"column":0},"end":{"line":71,"column":63}},"71":{"start":{"line":72,"column":0},"end":{"line":72,"column":36}},"72":{"start":{"line":73,"column":0},"end":{"line":73,"column":11}},"73":{"start":{"line":74,"column":0},"end":{"line":74,"column":10}},"74":{"start":{"line":75,"column":0},"end":{"line":75,"column":0}},"75":{"start":{"line":76,"column":0},"end":{"line":76,"column":40}},"76":{"start":{"line":77,"column":0},"end":{"line":77,"column":31}},"77":{"start":{"line":78,"column":0},"end":{"line":78,"column":0}},"78":{"start":{"line":79,"column":0},"end":{"line":79,"column":29}},"79":{"start":{"line":80,"column":0},"end":{"line":80,"column":0}},"80":{"start":{"line":81,"column":0},"end":{"line":81,"column":77}},"81":{"start":{"line":82,"column":0},"end":{"line":82,"column":33}},"82":{"start":{"line":83,"column":0},"end":{"line":83,"column":33}},"83":{"start":{"line":84,"column":0},"end":{"line":84,"column":75}},"84":{"start":{"line":85,"column":0},"end":{"line":85,"column":44}},"85":{"start":{"line":86,"column":0},"end":{"line":86,"column":52}},"86":{"start":{"line":87,"column":0},"end":{"line":87,"column":61}},"87":{"start":{"line":88,"column":0},"end":{"line":88,"column":42}},"88":{"start":{"line":89,"column":0},"end":{"line":89,"column":48}},"89":{"start":{"line":90,"column":0},"end":{"line":90,"column":59}},"90":{"start":{"line":91,"column":0},"end":{"line":91,"column":34}},"91":{"start":{"line":92,"column":0},"end":{"line":92,"column":34}},"92":{"start":{"line":93,"column":0},"end":{"line":93,"column":37}},"93":{"start":{"line":94,"column":0},"end":{"line":94,"column":44}},"94":{"start":{"line":95,"column":0},"end":{"line":95,"column":21}},"95":{"start":{"line":96,"column":0},"end":{"line":96,"column":17}},"96":{"start":{"line":97,"column":0},"end":{"line":97,"column":22}},"97":{"start":{"line":98,"column":0},"end":{"line":98,"column":42}},"98":{"start":{"line":99,"column":0},"end":{"line":99,"column":15}},"99":{"start":{"line":100,"column":0},"end":{"line":100,"column":20}},"100":{"start":{"line":101,"column":0},"end":{"line":101,"column":13}},"101":{"start":{"line":102,"column":0},"end":{"line":102,"column":0}},"102":{"start":{"line":103,"column":0},"end":{"line":103,"column":31}},"103":{"start":{"line":104,"column":0},"end":{"line":104,"column":38}},"104":{"start":{"line":105,"column":0},"end":{"line":105,"column":30}},"105":{"start":{"line":106,"column":0},"end":{"line":106,"column":43}},"106":{"start":{"line":107,"column":0},"end":{"line":107,"column":56}},"107":{"start":{"line":108,"column":0},"end":{"line":108,"column":15}},"108":{"start":{"line":109,"column":0},"end":{"line":109,"column":20}},"109":{"start":{"line":110,"column":0},"end":{"line":110,"column":13}},"110":{"start":{"line":111,"column":0},"end":{"line":111,"column":0}},"111":{"start":{"line":112,"column":0},"end":{"line":112,"column":27}},"112":{"start":{"line":113,"column":0},"end":{"line":113,"column":60}},"113":{"start":{"line":114,"column":0},"end":{"line":114,"column":40}},"114":{"start":{"line":115,"column":0},"end":{"line":115,"column":40}},"115":{"start":{"line":116,"column":0},"end":{"line":116,"column":46}},"116":{"start":{"line":117,"column":0},"end":{"line":117,"column":56}},"117":{"start":{"line":118,"column":0},"end":{"line":118,"column":34}},"118":{"start":{"line":119,"column":0},"end":{"line":119,"column":42}},"119":{"start":{"line":120,"column":0},"end":{"line":120,"column":38}},"120":{"start":{"line":121,"column":0},"end":{"line":121,"column":63}},"121":{"start":{"line":122,"column":0},"end":{"line":122,"column":21}},"122":{"start":{"line":123,"column":0},"end":{"line":123,"column":18}},"123":{"start":{"line":124,"column":0},"end":{"line":124,"column":62}},"124":{"start":{"line":125,"column":0},"end":{"line":125,"column":32}},"125":{"start":{"line":126,"column":0},"end":{"line":126,"column":33}},"126":{"start":{"line":127,"column":0},"end":{"line":127,"column":35}},"127":{"start":{"line":128,"column":0},"end":{"line":128,"column":43}},"128":{"start":{"line":129,"column":0},"end":{"line":129,"column":19}},"129":{"start":{"line":130,"column":0},"end":{"line":130,"column":15}},"130":{"start":{"line":131,"column":0},"end":{"line":131,"column":20}},"131":{"start":{"line":132,"column":0},"end":{"line":132,"column":13}},"132":{"start":{"line":133,"column":0},"end":{"line":133,"column":0}},"133":{"start":{"line":134,"column":0},"end":{"line":134,"column":28}},"134":{"start":{"line":135,"column":0},"end":{"line":135,"column":60}},"135":{"start":{"line":136,"column":0},"end":{"line":136,"column":24}},"136":{"start":{"line":137,"column":0},"end":{"line":137,"column":47}},"137":{"start":{"line":138,"column":0},"end":{"line":138,"column":15}},"138":{"start":{"line":139,"column":0},"end":{"line":139,"column":20}},"139":{"start":{"line":140,"column":0},"end":{"line":140,"column":13}},"140":{"start":{"line":141,"column":0},"end":{"line":141,"column":0}},"141":{"start":{"line":142,"column":0},"end":{"line":142,"column":35}},"142":{"start":{"line":143,"column":0},"end":{"line":143,"column":66}},"143":{"start":{"line":144,"column":0},"end":{"line":144,"column":30}},"144":{"start":{"line":145,"column":0},"end":{"line":145,"column":56}},"145":{"start":{"line":146,"column":0},"end":{"line":146,"column":15}},"146":{"start":{"line":147,"column":0},"end":{"line":147,"column":20}},"147":{"start":{"line":148,"column":0},"end":{"line":148,"column":13}},"148":{"start":{"line":149,"column":0},"end":{"line":149,"column":0}},"149":{"start":{"line":150,"column":0},"end":{"line":150,"column":27}},"150":{"start":{"line":151,"column":0},"end":{"line":151,"column":74}},"151":{"start":{"line":152,"column":0},"end":{"line":152,"column":45}},"152":{"start":{"line":153,"column":0},"end":{"line":153,"column":20}},"153":{"start":{"line":154,"column":0},"end":{"line":154,"column":13}},"154":{"start":{"line":155,"column":0},"end":{"line":155,"column":11}},"155":{"start":{"line":156,"column":0},"end":{"line":156,"column":11}},"156":{"start":{"line":157,"column":0},"end":{"line":157,"column":0}},"157":{"start":{"line":158,"column":0},"end":{"line":158,"column":49}},"158":{"start":{"line":159,"column":0},"end":{"line":159,"column":0}},"159":{"start":{"line":160,"column":0},"end":{"line":160,"column":22}},"160":{"start":{"line":161,"column":0},"end":{"line":161,"column":24}},"161":{"start":{"line":162,"column":0},"end":{"line":162,"column":10}},"162":{"start":{"line":163,"column":0},"end":{"line":163,"column":21}},"163":{"start":{"line":164,"column":0},"end":{"line":164,"column":31}},"164":{"start":{"line":165,"column":0},"end":{"line":165,"column":83}},"165":{"start":{"line":166,"column":0},"end":{"line":166,"column":7}},"166":{"start":{"line":167,"column":0},"end":{"line":167,"column":6}},"167":{"start":{"line":168,"column":0},"end":{"line":168,"column":0}},"168":{"start":{"line":169,"column":0},"end":{"line":169,"column":21}},"169":{"start":{"line":170,"column":0},"end":{"line":170,"column":0}},"170":{"start":{"line":171,"column":0},"end":{"line":171,"column":18}},"171":{"start":{"line":172,"column":0},"end":{"line":172,"column":24}},"172":{"start":{"line":173,"column":0},"end":{"line":173,"column":29}},"173":{"start":{"line":174,"column":0},"end":{"line":174,"column":23}},"174":{"start":{"line":175,"column":0},"end":{"line":175,"column":6}},"175":{"start":{"line":176,"column":0},"end":{"line":176,"column":31}},"176":{"start":{"line":177,"column":0},"end":{"line":177,"column":0}},"177":{"start":{"line":178,"column":0},"end":{"line":178,"column":29}},"178":{"start":{"line":179,"column":0},"end":{"line":179,"column":37}},"179":{"start":{"line":180,"column":0},"end":{"line":180,"column":32}},"180":{"start":{"line":181,"column":0},"end":{"line":181,"column":45}},"181":{"start":{"line":182,"column":0},"end":{"line":182,"column":4}},"182":{"start":{"line":183,"column":0},"end":{"line":183,"column":0}},"183":{"start":{"line":184,"column":0},"end":{"line":184,"column":29}},"184":{"start":{"line":185,"column":0},"end":{"line":185,"column":37}},"185":{"start":{"line":186,"column":0},"end":{"line":186,"column":32}},"186":{"start":{"line":187,"column":0},"end":{"line":187,"column":45}},"187":{"start":{"line":188,"column":0},"end":{"line":188,"column":4}},"188":{"start":{"line":189,"column":0},"end":{"line":189,"column":0}},"189":{"start":{"line":190,"column":0},"end":{"line":190,"column":14}},"190":{"start":{"line":191,"column":0},"end":{"line":191,"column":12}},"191":{"start":{"line":192,"column":0},"end":{"line":192,"column":34}},"192":{"start":{"line":193,"column":0},"end":{"line":193,"column":22}},"193":{"start":{"line":194,"column":0},"end":{"line":194,"column":66}},"194":{"start":{"line":195,"column":0},"end":{"line":195,"column":12}},"195":{"start":{"line":196,"column":0},"end":{"line":196,"column":6}},"196":{"start":{"line":197,"column":0},"end":{"line":197,"column":3}},"197":{"start":{"line":198,"column":0},"end":{"line":198,"column":0}},"198":{"start":{"line":199,"column":0},"end":{"line":199,"column":10}},"199":{"start":{"line":200,"column":0},"end":{"line":200,"column":36}},"200":{"start":{"line":201,"column":0},"end":{"line":201,"column":34}},"201":{"start":{"line":202,"column":0},"end":{"line":202,"column":14}},"202":{"start":{"line":203,"column":0},"end":{"line":203,"column":30}},"203":{"start":{"line":204,"column":0},"end":{"line":204,"column":69}},"204":{"start":{"line":205,"column":0},"end":{"line":205,"column":18}},"205":{"start":{"line":206,"column":0},"end":{"line":206,"column":21}},"206":{"start":{"line":207,"column":0},"end":{"line":207,"column":10}},"207":{"start":{"line":208,"column":0},"end":{"line":208,"column":0}},"208":{"start":{"line":209,"column":0},"end":{"line":209,"column":28}},"209":{"start":{"line":210,"column":0},"end":{"line":210,"column":43}},"210":{"start":{"line":211,"column":0},"end":{"line":211,"column":48}},"211":{"start":{"line":212,"column":0},"end":{"line":212,"column":55}},"212":{"start":{"line":213,"column":0},"end":{"line":213,"column":16}},"213":{"start":{"line":214,"column":0},"end":{"line":214,"column":10}},"214":{"start":{"line":215,"column":0},"end":{"line":215,"column":0}},"215":{"start":{"line":216,"column":0},"end":{"line":216,"column":14}},"216":{"start":{"line":217,"column":0},"end":{"line":217,"column":29}},"217":{"start":{"line":218,"column":0},"end":{"line":218,"column":33}},"218":{"start":{"line":219,"column":0},"end":{"line":219,"column":18}},"219":{"start":{"line":220,"column":0},"end":{"line":220,"column":21}},"220":{"start":{"line":221,"column":0},"end":{"line":221,"column":15}},"221":{"start":{"line":222,"column":0},"end":{"line":222,"column":10}},"222":{"start":{"line":223,"column":0},"end":{"line":223,"column":12}},"223":{"start":{"line":224,"column":0},"end":{"line":224,"column":0}},"224":{"start":{"line":225,"column":0},"end":{"line":225,"column":32}},"225":{"start":{"line":226,"column":0},"end":{"line":226,"column":15}},"226":{"start":{"line":227,"column":0},"end":{"line":227,"column":31}},"227":{"start":{"line":228,"column":0},"end":{"line":228,"column":70}},"228":{"start":{"line":229,"column":0},"end":{"line":229,"column":52}},"229":{"start":{"line":230,"column":0},"end":{"line":230,"column":9}},"230":{"start":{"line":231,"column":0},"end":{"line":231,"column":29}},"231":{"start":{"line":232,"column":0},"end":{"line":232,"column":87}},"232":{"start":{"line":233,"column":0},"end":{"line":233,"column":79}},"233":{"start":{"line":234,"column":0},"end":{"line":234,"column":53}},"234":{"start":{"line":235,"column":0},"end":{"line":235,"column":54}},"235":{"start":{"line":236,"column":0},"end":{"line":236,"column":53}},"236":{"start":{"line":237,"column":0},"end":{"line":237,"column":18}},"237":{"start":{"line":238,"column":0},"end":{"line":238,"column":15}},"238":{"start":{"line":239,"column":0},"end":{"line":239,"column":87}},"239":{"start":{"line":240,"column":0},"end":{"line":240,"column":52}},"240":{"start":{"line":241,"column":0},"end":{"line":241,"column":81}},"241":{"start":{"line":242,"column":0},"end":{"line":242,"column":80}},"242":{"start":{"line":243,"column":0},"end":{"line":243,"column":54}},"243":{"start":{"line":244,"column":0},"end":{"line":244,"column":53}},"244":{"start":{"line":245,"column":0},"end":{"line":245,"column":18}},"245":{"start":{"line":246,"column":0},"end":{"line":246,"column":12}},"246":{"start":{"line":247,"column":0},"end":{"line":247,"column":17}},"247":{"start":{"line":248,"column":0},"end":{"line":248,"column":0}},"248":{"start":{"line":249,"column":0},"end":{"line":249,"column":15}},"249":{"start":{"line":250,"column":0},"end":{"line":250,"column":31}},"250":{"start":{"line":251,"column":0},"end":{"line":251,"column":70}},"251":{"start":{"line":252,"column":0},"end":{"line":252,"column":63}},"252":{"start":{"line":253,"column":0},"end":{"line":253,"column":9}},"253":{"start":{"line":254,"column":0},"end":{"line":254,"column":29}},"254":{"start":{"line":255,"column":0},"end":{"line":255,"column":87}},"255":{"start":{"line":256,"column":0},"end":{"line":256,"column":56}},"256":{"start":{"line":257,"column":0},"end":{"line":257,"column":71}},"257":{"start":{"line":258,"column":0},"end":{"line":258,"column":18}},"258":{"start":{"line":259,"column":0},"end":{"line":259,"column":15}},"259":{"start":{"line":260,"column":0},"end":{"line":260,"column":87}},"260":{"start":{"line":261,"column":0},"end":{"line":261,"column":124}},"261":{"start":{"line":262,"column":0},"end":{"line":262,"column":52}},"262":{"start":{"line":263,"column":0},"end":{"line":263,"column":18}},"263":{"start":{"line":264,"column":0},"end":{"line":264,"column":12}},"264":{"start":{"line":265,"column":0},"end":{"line":265,"column":17}},"265":{"start":{"line":266,"column":0},"end":{"line":266,"column":0}},"266":{"start":{"line":267,"column":0},"end":{"line":267,"column":15}},"267":{"start":{"line":268,"column":0},"end":{"line":268,"column":31}},"268":{"start":{"line":269,"column":0},"end":{"line":269,"column":42}},"269":{"start":{"line":270,"column":0},"end":{"line":270,"column":28}},"270":{"start":{"line":271,"column":0},"end":{"line":271,"column":9}},"271":{"start":{"line":272,"column":0},"end":{"line":272,"column":85}},"272":{"start":{"line":273,"column":0},"end":{"line":273,"column":317}},"273":{"start":{"line":274,"column":0},"end":{"line":274,"column":50}},"274":{"start":{"line":275,"column":0},"end":{"line":275,"column":16}},"275":{"start":{"line":276,"column":0},"end":{"line":276,"column":17}},"276":{"start":{"line":277,"column":0},"end":{"line":277,"column":12}},"277":{"start":{"line":278,"column":0},"end":{"line":278,"column":10}},"278":{"start":{"line":279,"column":0},"end":{"line":279,"column":4}},"279":{"start":{"line":280,"column":0},"end":{"line":280,"column":1}}},"s":{"0":1,"1":1,"2":1,"3":1,"4":1,"5":1,"6":1,"7":1,"8":1,"9":1,"10":23,"11":23,"12":23,"13":23,"14":23,"15":23,"16":23,"17":23,"18":23,"19":23,"20":23,"21":23,"22":23,"23":23,"24":23,"25":23,"26":23,"27":1,"28":1,"29":1,"30":1,"31":23,"32":23,"33":23,"34":9,"35":1,"36":1,"37":1,"38":8,"39":8,"40":8,"41":8,"42":8,"43":8,"44":8,"45":8,"46":8,"47":8,"48":8,"49":8,"50":8,"51":8,"52":8,"53":0,"54":0,"55":0,"56":0,"57":0,"58":8,"59":8,"60":0,"61":0,"62":0,"63":0,"64":0,"65":0,"66":0,"67":0,"68":8,"69":8,"70":0,"71":0,"72":0,"73":0,"74":8,"75":8,"76":8,"77":8,"78":8,"79":8,"80":8,"81":2,"82":2,"83":0,"84":0,"85":0,"86":0,"87":0,"88":0,"89":0,"90":0,"91":0,"92":0,"93":0,"94":0,"95":0,"96":0,"97":0,"98":0,"99":0,"100":0,"101":2,"102":2,"103":0,"104":0,"105":0,"106":0,"107":0,"108":0,"109":0,"110":2,"111":2,"112":0,"113":0,"114":0,"115":0,"116":0,"117":0,"118":0,"119":0,"120":0,"121":0,"122":0,"123":0,"124":0,"125":0,"126":0,"127":0,"128":0,"129":0,"130":0,"131":0,"132":2,"133":2,"134":0,"135":0,"136":0,"137":0,"138":0,"139":0,"140":2,"141":2,"142":0,"143":0,"144":0,"145":0,"146":0,"147":0,"148":2,"149":2,"150":2,"151":2,"152":2,"153":2,"154":2,"155":8,"156":8,"157":8,"158":8,"159":8,"160":0,"161":0,"162":8,"163":0,"164":0,"165":0,"166":8,"167":8,"168":8,"169":8,"170":8,"171":8,"172":8,"173":8,"174":8,"175":23,"176":23,"177":23,"178":2,"179":2,"180":2,"181":2,"182":23,"183":23,"184":2,"185":2,"186":2,"187":2,"188":23,"189":23,"190":2,"191":2,"192":2,"193":2,"194":2,"195":2,"196":2,"197":21,"198":21,"199":21,"200":21,"201":21,"202":21,"203":23,"204":23,"205":23,"206":23,"207":23,"208":23,"209":21,"210":21,"211":21,"212":21,"213":23,"214":23,"215":23,"216":23,"217":23,"218":23,"219":23,"220":23,"221":23,"222":23,"223":23,"224":23,"225":23,"226":23,"227":23,"228":23,"229":23,"230":23,"231":20,"232":20,"233":20,"234":20,"235":20,"236":20,"237":1,"238":1,"239":1,"240":1,"241":1,"242":1,"243":1,"244":1,"245":23,"246":23,"247":23,"248":23,"249":23,"250":23,"251":23,"252":23,"253":23,"254":20,"255":20,"256":20,"257":20,"258":1,"259":1,"260":1,"261":1,"262":1,"263":23,"264":23,"265":23,"266":23,"267":23,"268":23,"269":23,"270":23,"271":23,"272":23,"273":23,"274":23,"275":23,"276":23,"277":23,"278":23,"279":23},"branchMap":{"0":{"type":"branch","line":9,"loc":{"start":{"line":9,"column":47},"end":{"line":9,"column":67}},"locations":[{"start":{"line":9,"column":47},"end":{"line":9,"column":67}}]},"1":{"type":"branch","line":11,"loc":{"start":{"line":11,"column":0},"end":{"line":280,"column":1}},"locations":[{"start":{"line":11,"column":0},"end":{"line":280,"column":1}}]},"2":{"type":"branch","line":190,"loc":{"start":{"line":190,"column":13},"end":{"line":197,"column":3}},"locations":[{"start":{"line":190,"column":13},"end":{"line":197,"column":3}}]},"3":{"type":"branch","line":197,"loc":{"start":{"line":197,"column":2},"end":{"line":204,"column":53}},"locations":[{"start":{"line":197,"column":2},"end":{"line":204,"column":53}}]},"4":{"type":"branch","line":204,"loc":{"start":{"line":204,"column":37},"end":{"line":204,"column":64}},"locations":[{"start":{"line":204,"column":37},"end":{"line":204,"column":64}}]},"5":{"type":"branch","line":204,"loc":{"start":{"line":204,"column":53},"end":{"line":204,"column":66}},"locations":[{"start":{"line":204,"column":53},"end":{"line":204,"column":66}}]},"6":{"type":"branch","line":209,"loc":{"start":{"line":209,"column":10},"end":{"line":213,"column":16}},"locations":[{"start":{"line":209,"column":10},"end":{"line":213,"column":16}}]},"7":{"type":"branch","line":228,"loc":{"start":{"line":228,"column":40},"end":{"line":228,"column":65}},"locations":[{"start":{"line":228,"column":40},"end":{"line":228,"column":65}}]},"8":{"type":"branch","line":228,"loc":{"start":{"line":228,"column":57},"end":{"line":228,"column":67}},"locations":[{"start":{"line":228,"column":57},"end":{"line":228,"column":67}}]},"9":{"type":"branch","line":229,"loc":{"start":{"line":229,"column":17},"end":{"line":229,"column":43}},"locations":[{"start":{"line":229,"column":17},"end":{"line":229,"column":43}}]},"10":{"type":"branch","line":229,"loc":{"start":{"line":229,"column":34},"end":{"line":229,"column":52}},"locations":[{"start":{"line":229,"column":34},"end":{"line":229,"column":52}}]},"11":{"type":"branch","line":231,"loc":{"start":{"line":231,"column":11},"end":{"line":237,"column":18}},"locations":[{"start":{"line":231,"column":11},"end":{"line":237,"column":18}}]},"12":{"type":"branch","line":237,"loc":{"start":{"line":237,"column":12},"end":{"line":245,"column":18}},"locations":[{"start":{"line":237,"column":12},"end":{"line":245,"column":18}}]},"13":{"type":"branch","line":251,"loc":{"start":{"line":251,"column":40},"end":{"line":251,"column":65}},"locations":[{"start":{"line":251,"column":40},"end":{"line":251,"column":65}}]},"14":{"type":"branch","line":251,"loc":{"start":{"line":251,"column":57},"end":{"line":251,"column":67}},"locations":[{"start":{"line":251,"column":57},"end":{"line":251,"column":67}}]},"15":{"type":"branch","line":252,"loc":{"start":{"line":252,"column":17},"end":{"line":252,"column":49}},"locations":[{"start":{"line":252,"column":17},"end":{"line":252,"column":49}}]},"16":{"type":"branch","line":252,"loc":{"start":{"line":252,"column":34},"end":{"line":252,"column":63}},"locations":[{"start":{"line":252,"column":34},"end":{"line":252,"column":63}}]},"17":{"type":"branch","line":254,"loc":{"start":{"line":254,"column":11},"end":{"line":258,"column":18}},"locations":[{"start":{"line":254,"column":11},"end":{"line":258,"column":18}}]},"18":{"type":"branch","line":258,"loc":{"start":{"line":258,"column":12},"end":{"line":263,"column":18}},"locations":[{"start":{"line":258,"column":12},"end":{"line":263,"column":18}}]},"19":{"type":"branch","line":27,"loc":{"start":{"line":27,"column":34},"end":{"line":32,"column":5}},"locations":[{"start":{"line":27,"column":34},"end":{"line":32,"column":5}}]},"20":{"type":"branch","line":34,"loc":{"start":{"line":34,"column":12},"end":{"line":176,"column":5}},"locations":[{"start":{"line":34,"column":12},"end":{"line":176,"column":5}}]},"21":{"type":"branch","line":35,"loc":{"start":{"line":35,"column":9},"end":{"line":35,"column":26}},"locations":[{"start":{"line":35,"column":9},"end":{"line":35,"column":26}}]},"22":{"type":"branch","line":35,"loc":{"start":{"line":35,"column":26},"end":{"line":38,"column":5}},"locations":[{"start":{"line":35,"column":26},"end":{"line":38,"column":5}}]},"23":{"type":"branch","line":38,"loc":{"start":{"line":38,"column":4},"end":{"line":175,"column":6}},"locations":[{"start":{"line":38,"column":4},"end":{"line":175,"column":6}}]},"24":{"type":"branch","line":44,"loc":{"start":{"line":44,"column":27},"end":{"line":167,"column":6}},"locations":[{"start":{"line":44,"column":27},"end":{"line":167,"column":6}}]},"25":{"type":"branch","line":47,"loc":{"start":{"line":47,"column":24},"end":{"line":47,"column":31}},"locations":[{"start":{"line":47,"column":24},"end":{"line":47,"column":31}}]},"26":{"type":"branch","line":77,"loc":{"start":{"line":77,"column":24},"end":{"line":77,"column":31}},"locations":[{"start":{"line":77,"column":24},"end":{"line":77,"column":31}}]},"27":{"type":"branch","line":163,"loc":{"start":{"line":163,"column":6},"end":{"line":166,"column":7}},"locations":[{"start":{"line":163,"column":6},"end":{"line":166,"column":7}}]},"28":{"type":"branch","line":81,"loc":{"start":{"line":81,"column":48},"end":{"line":156,"column":9}},"locations":[{"start":{"line":81,"column":48},"end":{"line":156,"column":9}}]},"29":{"type":"branch","line":83,"loc":{"start":{"line":83,"column":12},"end":{"line":101,"column":13}},"locations":[{"start":{"line":83,"column":12},"end":{"line":101,"column":13}}]},"30":{"type":"branch","line":103,"loc":{"start":{"line":103,"column":12},"end":{"line":110,"column":13}},"locations":[{"start":{"line":103,"column":12},"end":{"line":110,"column":13}}]},"31":{"type":"branch","line":112,"loc":{"start":{"line":112,"column":12},"end":{"line":132,"column":13}},"locations":[{"start":{"line":112,"column":12},"end":{"line":132,"column":13}}]},"32":{"type":"branch","line":134,"loc":{"start":{"line":134,"column":12},"end":{"line":140,"column":13}},"locations":[{"start":{"line":134,"column":12},"end":{"line":140,"column":13}}]},"33":{"type":"branch","line":142,"loc":{"start":{"line":142,"column":12},"end":{"line":148,"column":13}},"locations":[{"start":{"line":142,"column":12},"end":{"line":148,"column":13}}]},"34":{"type":"branch","line":171,"loc":{"start":{"line":171,"column":11},"end":{"line":175,"column":6}},"locations":[{"start":{"line":171,"column":11},"end":{"line":175,"column":6}}]},"35":{"type":"branch","line":178,"loc":{"start":{"line":178,"column":22},"end":{"line":182,"column":4}},"locations":[{"start":{"line":178,"column":22},"end":{"line":182,"column":4}}]},"36":{"type":"branch","line":184,"loc":{"start":{"line":184,"column":22},"end":{"line":188,"column":4}},"locations":[{"start":{"line":184,"column":22},"end":{"line":188,"column":4}}]},"37":{"type":"branch","line":194,"loc":{"start":{"line":194,"column":25},"end":{"line":194,"column":50}},"locations":[{"start":{"line":194,"column":25},"end":{"line":194,"column":50}}]}},"b":{"0":[0],"1":[23],"2":[2],"3":[21],"4":[0],"5":[21],"6":[21],"7":[1],"8":[20],"9":[20],"10":[1],"11":[20],"12":[1],"13":[1],"14":[20],"15":[20],"16":[1],"17":[20],"18":[1],"19":[1],"20":[9],"21":[8],"22":[1],"23":[8],"24":[8],"25":[0],"26":[0],"27":[0],"28":[2],"29":[0],"30":[0],"31":[0],"32":[0],"33":[0],"34":[8],"35":[2],"36":[2],"37":[1]},"fnMap":{"0":{"name":"Call","decl":{"start":{"line":11,"column":0},"end":{"line":280,"column":1}},"loc":{"start":{"line":11,"column":0},"end":{"line":280,"column":1}},"line":11},"1":{"name":"initializeCall","decl":{"start":{"line":44,"column":27},"end":{"line":167,"column":6}},"loc":{"start":{"line":44,"column":27},"end":{"line":167,"column":6}},"line":44},"2":{"name":"webrtc.onRemoteStream","decl":{"start":{"line":53,"column":32},"end":{"line":58,"column":10}},"loc":{"start":{"line":53,"column":32},"end":{"line":58,"column":10}},"line":53},"3":{"name":"webrtc.onIceCandidate","decl":{"start":{"line":60,"column":32},"end":{"line":68,"column":10}},"loc":{"start":{"line":60,"column":32},"end":{"line":68,"column":10}},"line":60},"4":{"name":"webrtc.onConnectionStateChange","decl":{"start":{"line":70,"column":41},"end":{"line":74,"column":10}},"loc":{"start":{"line":70,"column":41},"end":{"line":74,"column":10}},"line":70},"5":{"name":"webrtc.onIceCandidate","decl":{"start":{"line":117,"column":40},"end":{"line":123,"column":18}},"loc":{"start":{"line":117,"column":40},"end":{"line":123,"column":18}},"line":117},"6":{"name":"toggleAudio","decl":{"start":{"line":178,"column":22},"end":{"line":182,"column":4}},"loc":{"start":{"line":178,"column":22},"end":{"line":182,"column":4}},"line":178},"7":{"name":"toggleVideo","decl":{"start":{"line":184,"column":22},"end":{"line":188,"column":4}},"loc":{"start":{"line":184,"column":22},"end":{"line":188,"column":4}},"line":184},"8":{"name":"onClick","decl":{"start":{"line":194,"column":25},"end":{"line":194,"column":50}},"loc":{"start":{"line":194,"column":25},"end":{"line":194,"column":50}},"line":194}},"f":{"0":23,"1":8,"2":0,"3":0,"4":0,"5":0,"6":2,"7":2,"8":1}}
,"/home/varun/projects/git_projects/samvaad/frontend/src/pages/Home.tsx": {"path":"/home/varun/projects/git_projects/samvaad/frontend/src/pages/Home.tsx","all":false,"statementMap":{"0":{"start":{"line":1,"column":0},"end":{"line":1,"column":33}},"1":{"start":{"line":2,"column":0},"end":{"line":2,"column":39}},"2":{"start":{"line":3,"column":0},"end":{"line":3,"column":47}},"3":{"start":{"line":4,"column":0},"end":{"line":4,"column":49}},"4":{"start":{"line":5,"column":0},"end":{"line":5,"column":20}},"5":{"start":{"line":6,"column":0},"end":{"line":6,"column":0}},"6":{"start":{"line":7,"column":0},"end":{"line":7,"column":32}},"7":{"start":{"line":8,"column":0},"end":{"line":8,"column":43}},"8":{"start":{"line":9,"column":0},"end":{"line":9,"column":41}},"9":{"start":{"line":10,"column":0},"end":{"line":10,"column":37}},"10":{"start":{"line":11,"column":0},"end":{"line":11,"column":33}},"11":{"start":{"line":12,"column":0},"end":{"line":12,"column":0}},"12":{"start":{"line":13,"column":0},"end":{"line":13,"column":32}},"13":{"start":{"line":14,"column":0},"end":{"line":14,"column":68}},"14":{"start":{"line":15,"column":0},"end":{"line":15,"column":4}},"15":{"start":{"line":16,"column":0},"end":{"line":16,"column":0}},"16":{"start":{"line":17,"column":0},"end":{"line":17,"column":44}},"17":{"start":{"line":18,"column":0},"end":{"line":18,"column":23}},"18":{"start":{"line":19,"column":0},"end":{"line":19,"column":17}},"19":{"start":{"line":20,"column":0},"end":{"line":20,"column":0}},"20":{"start":{"line":21,"column":0},"end":{"line":21,"column":25}},"21":{"start":{"line":22,"column":0},"end":{"line":22,"column":43}},"22":{"start":{"line":23,"column":0},"end":{"line":23,"column":13}},"23":{"start":{"line":24,"column":0},"end":{"line":24,"column":5}},"24":{"start":{"line":25,"column":0},"end":{"line":25,"column":0}},"25":{"start":{"line":26,"column":0},"end":{"line":26,"column":39}},"26":{"start":{"line":27,"column":0},"end":{"line":27,"column":4}},"27":{"start":{"line":28,"column":0},"end":{"line":28,"column":0}},"28":{"start":{"line":29,"column":0},"end":{"line":29,"column":33}},"29":{"start":{"line":30,"column":0},"end":{"line":30,"column":39}},"30":{"start":{"line":31,"column":0},"end":{"line":31,"column":35}},"31":{"start":{"line":32,"column":0},"end":{"line":32,"column":4}},"32":{"start":{"line":33,"column":0},"end":{"line":33,"column":0}},"33":{"start":{"line":34,"column":0},"end":{"line":34,"column":30}},"34":{"start":{"line":35,"column":0},"end":{"line":35,"column":13}},"35":{"start":{"line":36,"column":0},"end":{"line":36,"column":18}},"36":{"start":{"line":37,"column":0},"end":{"line":37,"column":4}},"37":{"start":{"line":38,"column":0},"end":{"line":38,"column":0}},"38":{"start":{"line":39,"column":0},"end":{"line":39,"column":10}},"39":{"start":{"line":40,"column":0},"end":{"line":40,"column":36}},"40":{"start":{"line":41,"column":0},"end":{"line":41,"column":38}},"41":{"start":{"line":42,"column":0},"end":{"line":42,"column":55}},"42":{"start":{"line":43,"column":0},"end":{"line":43,"column":65}},"43":{"start":{"line":44,"column":0},"end":{"line":44,"column":17}},"44":{"start":{"line":45,"column":0},"end":{"line":45,"column":17}},"45":{"start":{"line":46,"column":0},"end":{"line":46,"column":15}},"46":{"start":{"line":47,"column":0},"end":{"line":47,"column":0}},"47":{"start":{"line":48,"column":0},"end":{"line":48,"column":34}},"48":{"start":{"line":49,"column":0},"end":{"line":49,"column":35}},"49":{"start":{"line":50,"column":0},"end":{"line":50,"column":62}},"50":{"start":{"line":51,"column":0},"end":{"line":51,"column":0}},"51":{"start":{"line":52,"column":0},"end":{"line":52,"column":40}},"52":{"start":{"line":53,"column":0},"end":{"line":53,"column":71}},"53":{"start":{"line":54,"column":0},"end":{"line":54,"column":22}},"54":{"start":{"line":55,"column":0},"end":{"line":55,"column":21}},"55":{"start":{"line":56,"column":0},"end":{"line":56,"column":0}},"56":{"start":{"line":57,"column":0},"end":{"line":57,"column":37}},"57":{"start":{"line":58,"column":0},"end":{"line":58,"column":43}},"58":{"start":{"line":59,"column":0},"end":{"line":59,"column":18}},"59":{"start":{"line":60,"column":0},"end":{"line":60,"column":0}},"60":{"start":{"line":61,"column":0},"end":{"line":61,"column":66}},"61":{"start":{"line":62,"column":0},"end":{"line":62,"column":20}},"62":{"start":{"line":63,"column":0},"end":{"line":63,"column":27}},"63":{"start":{"line":64,"column":0},"end":{"line":64,"column":30}},"64":{"start":{"line":65,"column":0},"end":{"line":65,"column":73}},"65":{"start":{"line":66,"column":0},"end":{"line":66,"column":45}},"66":{"start":{"line":67,"column":0},"end":{"line":67,"column":38}},"67":{"start":{"line":68,"column":0},"end":{"line":68,"column":30}},"68":{"start":{"line":69,"column":0},"end":{"line":69,"column":16}},"69":{"start":{"line":70,"column":0},"end":{"line":70,"column":60}},"70":{"start":{"line":71,"column":0},"end":{"line":71,"column":20}},"71":{"start":{"line":72,"column":0},"end":{"line":72,"column":23}},"72":{"start":{"line":73,"column":0},"end":{"line":73,"column":19}},"73":{"start":{"line":74,"column":0},"end":{"line":74,"column":0}},"74":{"start":{"line":75,"column":0},"end":{"line":75,"column":60}},"75":{"start":{"line":76,"column":0},"end":{"line":76,"column":16}},"76":{"start":{"line":77,"column":0},"end":{"line":77,"column":14}},"77":{"start":{"line":78,"column":0},"end":{"line":78,"column":13}},"78":{"start":{"line":79,"column":0},"end":{"line":79,"column":10}},"79":{"start":{"line":80,"column":0},"end":{"line":80,"column":4}},"80":{"start":{"line":81,"column":0},"end":{"line":81,"column":1}}},"s":{"0":1,"1":1,"2":1,"3":1,"4":1,"5":1,"6":34,"7":34,"8":34,"9":34,"10":34,"11":34,"12":34,"13":1,"14":1,"15":34,"16":34,"17":3,"18":3,"19":3,"20":3,"21":1,"22":1,"23":1,"24":2,"25":2,"26":3,"27":34,"28":34,"29":1,"30":1,"31":1,"32":34,"33":34,"34":1,"35":1,"36":1,"37":34,"38":34,"39":34,"40":34,"41":34,"42":34,"43":34,"44":34,"45":34,"46":34,"47":34,"48":34,"49":34,"50":34,"51":34,"52":34,"53":34,"54":34,"55":34,"56":34,"57":34,"58":34,"59":34,"60":34,"61":34,"62":34,"63":34,"64":34,"65":34,"66":34,"67":34,"68":34,"69":34,"70":34,"71":34,"72":34,"73":34,"74":34,"75":34,"76":34,"77":34,"78":34,"79":34,"80":34},"branchMap":{"0":{"type":"branch","line":7,"loc":{"start":{"line":7,"column":0},"end":{"line":81,"column":1}},"locations":[{"start":{"line":7,"column":0},"end":{"line":81,"column":1}}]},"1":{"type":"branch","line":42,"loc":{"start":{"line":42,"column":37},"end":{"line":42,"column":48}},"locations":[{"start":{"line":42,"column":37},"end":{"line":42,"column":48}}]},"2":{"type":"branch","line":75,"loc":{"start":{"line":75,"column":13},"end":{"line":75,"column":60}},"locations":[{"start":{"line":75,"column":13},"end":{"line":75,"column":60}}]},"3":{"type":"branch","line":13,"loc":{"start":{"line":13,"column":25},"end":{"line":15,"column":4}},"locations":[{"start":{"line":13,"column":25},"end":{"line":15,"column":4}}]},"4":{"type":"branch","line":17,"loc":{"start":{"line":17,"column":25},"end":{"line":27,"column":4}},"locations":[{"start":{"line":17,"column":25},"end":{"line":27,"column":4}}]},"5":{"type":"branch","line":21,"loc":{"start":{"line":21,"column":24},"end":{"line":24,"column":5}},"locations":[{"start":{"line":21,"column":24},"end":{"line":24,"column":5}}]},"6":{"type":"branch","line":24,"loc":{"start":{"line":24,"column":4},"end":{"line":26,"column":39}},"locations":[{"start":{"line":24,"column":4},"end":{"line":26,"column":39}}]},"7":{"type":"branch","line":29,"loc":{"start":{"line":29,"column":26},"end":{"line":32,"column":4}},"locations":[{"start":{"line":29,"column":26},"end":{"line":32,"column":4}}]},"8":{"type":"branch","line":34,"loc":{"start":{"line":34,"column":23},"end":{"line":37,"column":4}},"locations":[{"start":{"line":34,"column":23},"end":{"line":37,"column":4}}]},"9":{"type":"branch","line":65,"loc":{"start":{"line":65,"column":26},"end":{"line":65,"column":73}},"locations":[{"start":{"line":65,"column":26},"end":{"line":65,"column":73}}]}},"b":{"0":[34],"1":[33],"2":[1],"3":[1],"4":[3],"5":[1],"6":[2],"7":[1],"8":[1],"9":[22]},"fnMap":{"0":{"name":"Home","decl":{"start":{"line":7,"column":0},"end":{"line":81,"column":1}},"loc":{"start":{"line":7,"column":0},"end":{"line":81,"column":1}},"line":7},"1":{"name":"generateRoomId","decl":{"start":{"line":13,"column":25},"end":{"line":15,"column":4}},"loc":{"start":{"line":13,"column":25},"end":{"line":15,"column":4}},"line":13},"2":{"name":"handleJoinRoom","decl":{"start":{"line":17,"column":25},"end":{"line":27,"column":4}},"loc":{"start":{"line":17,"column":25},"end":{"line":27,"column":4}},"line":17},"3":{"name":"handleStartCall","decl":{"start":{"line":29,"column":26},"end":{"line":32,"column":4}},"loc":{"start":{"line":29,"column":26},"end":{"line":32,"column":4}},"line":29},"4":{"name":"handleLogout","decl":{"start":{"line":34,"column":23},"end":{"line":37,"column":4}},"loc":{"start":{"line":34,"column":23},"end":{"line":37,"column":4}},"line":34},"5":{"name":"onChange","decl":{"start":{"line":65,"column":26},"end":{"line":65,"column":73}},"loc":{"start":{"line":65,"column":26},"end":{"line":65,"column":73}},"line":65}},"f":{"0":34,"1":1,"2":3,"3":1,"4":1,"5":22}}
,"/home/varun/projects/git_projects/samvaad/frontend/src/pages/Login.tsx": {"path":"/home/varun/projects/git_projects/samvaad/frontend/src/pages/Login.tsx","all":false,"statementMap":{"0":{"start":{"line":1,"column":0},"end":{"line":1,"column":33}},"1":{"start":{"line":2,"column":0},"end":{"line":2,"column":39}},"2":{"start":{"line":3,"column":0},"end":{"line":3,"column":47}},"3":{"start":{"line":4,"column":0},"end":{"line":4,"column":49}},"4":{"start":{"line":5,"column":0},"end":{"line":5,"column":21}},"5":{"start":{"line":6,"column":0},"end":{"line":6,"column":0}},"6":{"start":{"line":7,"column":0},"end":{"line":7,"column":33}},"7":{"start":{"line":8,"column":0},"end":{"line":8,"column":39}},"8":{"start":{"line":9,"column":0},"end":{"line":9,"column":41}},"9":{"start":{"line":10,"column":0},"end":{"line":10,"column":30}},"10":{"start":{"line":11,"column":0},"end":{"line":11,"column":33}},"11":{"start":{"line":12,"column":0},"end":{"line":12,"column":0}},"12":{"start":{"line":13,"column":0},"end":{"line":13,"column":42}},"13":{"start":{"line":14,"column":0},"end":{"line":14,"column":23}},"14":{"start":{"line":15,"column":0},"end":{"line":15,"column":17}},"15":{"start":{"line":16,"column":0},"end":{"line":16,"column":0}},"16":{"start":{"line":17,"column":0},"end":{"line":17,"column":23}},"17":{"start":{"line":18,"column":0},"end":{"line":18,"column":41}},"18":{"start":{"line":19,"column":0},"end":{"line":19,"column":13}},"19":{"start":{"line":20,"column":0},"end":{"line":20,"column":5}},"20":{"start":{"line":21,"column":0},"end":{"line":21,"column":0}},"21":{"start":{"line":22,"column":0},"end":{"line":22,"column":33}},"22":{"start":{"line":23,"column":0},"end":{"line":23,"column":53}},"23":{"start":{"line":24,"column":0},"end":{"line":24,"column":13}},"24":{"start":{"line":25,"column":0},"end":{"line":25,"column":5}},"25":{"start":{"line":26,"column":0},"end":{"line":26,"column":0}},"26":{"start":{"line":27,"column":0},"end":{"line":27,"column":16}},"27":{"start":{"line":28,"column":0},"end":{"line":28,"column":22}},"28":{"start":{"line":29,"column":0},"end":{"line":29,"column":4}},"29":{"start":{"line":30,"column":0},"end":{"line":30,"column":0}},"30":{"start":{"line":31,"column":0},"end":{"line":31,"column":10}},"31":{"start":{"line":32,"column":0},"end":{"line":32,"column":37}},"32":{"start":{"line":33,"column":0},"end":{"line":33,"column":34}},"33":{"start":{"line":34,"column":0},"end":{"line":34,"column":48}},"34":{"start":{"line":35,"column":0},"end":{"line":35,"column":68}},"35":{"start":{"line":36,"column":0},"end":{"line":36,"column":0}},"36":{"start":{"line":37,"column":0},"end":{"line":37,"column":61}},"37":{"start":{"line":38,"column":0},"end":{"line":38,"column":39}},"38":{"start":{"line":39,"column":0},"end":{"line":39,"column":18}},"39":{"start":{"line":40,"column":0},"end":{"line":40,"column":25}},"40":{"start":{"line":41,"column":0},"end":{"line":41,"column":26}},"41":{"start":{"line":42,"column":0},"end":{"line":42,"column":55}},"42":{"start":{"line":43,"column":0},"end":{"line":43,"column":43}},"43":{"start":{"line":44,"column":0},"end":{"line":44,"column":37}},"44":{"start":{"line":45,"column":0},"end":{"line":45,"column":23}},"45":{"start":{"line":46,"column":0},"end":{"line":46,"column":14}},"46":{"start":{"line":47,"column":0},"end":{"line":47,"column":16}},"47":{"start":{"line":48,"column":0},"end":{"line":48,"column":0}},"48":{"start":{"line":49,"column":0},"end":{"line":49,"column":59}},"49":{"start":{"line":50,"column":0},"end":{"line":50,"column":0}},"50":{"start":{"line":51,"column":0},"end":{"line":51,"column":57}},"51":{"start":{"line":52,"column":0},"end":{"line":52,"column":20}},"52":{"start":{"line":53,"column":0},"end":{"line":53,"column":19}},"53":{"start":{"line":54,"column":0},"end":{"line":54,"column":15}},"54":{"start":{"line":55,"column":0},"end":{"line":55,"column":12}},"55":{"start":{"line":56,"column":0},"end":{"line":56,"column":10}},"56":{"start":{"line":57,"column":0},"end":{"line":57,"column":4}},"57":{"start":{"line":58,"column":0},"end":{"line":58,"column":1}}},"s":{"0":1,"1":1,"2":1,"3":1,"4":1,"5":1,"6":29,"7":29,"8":29,"9":29,"10":29,"11":29,"12":29,"13":6,"14":6,"15":6,"16":6,"17":3,"18":3,"19":3,"20":3,"21":6,"22":1,"23":1,"24":1,"25":2,"26":2,"27":2,"28":6,"29":29,"30":29,"31":29,"32":29,"33":29,"34":29,"35":29,"36":29,"37":29,"38":29,"39":29,"40":29,"41":29,"42":29,"43":29,"44":29,"45":29,"46":29,"47":29,"48":29,"49":29,"50":29,"51":29,"52":29,"53":29,"54":29,"55":29,"56":29,"57":29},"branchMap":{"0":{"type":"branch","line":7,"loc":{"start":{"line":7,"column":0},"end":{"line":58,"column":1}},"locations":[{"start":{"line":7,"column":0},"end":{"line":58,"column":1}}]},"1":{"type":"branch","line":49,"loc":{"start":{"line":49,"column":11},"end":{"line":49,"column":59}},"locations":[{"start":{"line":49,"column":11},"end":{"line":49,"column":59}}]},"2":{"type":"branch","line":13,"loc":{"start":{"line":13,"column":23},"end":{"line":29,"column":4}},"locations":[{"start":{"line":13,"column":23},"end":{"line":29,"column":4}}]},"3":{"type":"branch","line":17,"loc":{"start":{"line":17,"column":22},"end":{"line":22,"column":32}},"locations":[{"start":{"line":17,"column":22},"end":{"line":22,"column":32}}]},"4":{"type":"branch","line":22,"loc":{"start":{"line":22,"column":32},"end":{"line":25,"column":5}},"locations":[{"start":{"line":22,"column":32},"end":{"line":25,"column":5}}]},"5":{"type":"branch","line":25,"loc":{"start":{"line":25,"column":4},"end":{"line":28,"column":22}},"locations":[{"start":{"line":25,"column":4},"end":{"line":28,"column":22}}]},"6":{"type":"branch","line":42,"loc":{"start":{"line":42,"column":24},"end":{"line":42,"column":55}},"locations":[{"start":{"line":42,"column":24},"end":{"line":42,"column":55}}]}},"b":{"0":[29],"1":[8],"2":[6],"3":[3],"4":[1],"5":[2],"6":[16]},"fnMap":{"0":{"name":"Login","decl":{"start":{"line":7,"column":0},"end":{"line":58,"column":1}},"loc":{"start":{"line":7,"column":0},"end":{"line":58,"column":1}},"line":7},"1":{"name":"handleSubmit","decl":{"start":{"line":13,"column":23},"end":{"line":29,"column":4}},"loc":{"start":{"line":13,"column":23},"end":{"line":29,"column":4}},"line":13},"2":{"name":"onChange","decl":{"start":{"line":42,"column":24},"end":{"line":42,"column":55}},"loc":{"start":{"line":42,"column":24},"end":{"line":42,"column":55}},"line":42}},"f":{"0":29,"1":6,"2":16}}
,"/home/varun/projects/git_projects/samvaad/frontend/src/services/webrtc.ts": {"path":"/home/varun/projects/git_projects/samvaad/frontend/src/services/webrtc.ts","all":false,"statementMap":{"0":{"start":{"line":1,"column":0},"end":{"line":1,"column":39}},"1":{"start":{"line":2,"column":0},"end":{"line":2,"column":15}},"2":{"start":{"line":3,"column":0},"end":{"line":3,"column":45}},"3":{"start":{"line":4,"column":0},"end":{"line":4,"column":46}},"4":{"start":{"line":5,"column":0},"end":{"line":5,"column":4}},"5":{"start":{"line":6,"column":0},"end":{"line":6,"column":2}},"6":{"start":{"line":7,"column":0},"end":{"line":7,"column":0}},"7":{"start":{"line":8,"column":0},"end":{"line":8,"column":28}},"8":{"start":{"line":9,"column":0},"end":{"line":9,"column":58}},"9":{"start":{"line":10,"column":0},"end":{"line":10,"column":49}},"10":{"start":{"line":11,"column":0},"end":{"line":11,"column":50}},"11":{"start":{"line":12,"column":0},"end":{"line":12,"column":0}},"12":{"start":{"line":13,"column":0},"end":{"line":13,"column":64}},"13":{"start":{"line":14,"column":0},"end":{"line":14,"column":71}},"14":{"start":{"line":15,"column":0},"end":{"line":15,"column":83}},"15":{"start":{"line":16,"column":0},"end":{"line":16,"column":0}},"16":{"start":{"line":17,"column":0},"end":{"line":17,"column":44}},"17":{"start":{"line":18,"column":0},"end":{"line":18,"column":66}},"18":{"start":{"line":19,"column":0},"end":{"line":19,"column":18}},"19":{"start":{"line":20,"column":0},"end":{"line":20,"column":18}},"20":{"start":{"line":21,"column":0},"end":{"line":21,"column":7}},"21":{"start":{"line":22,"column":0},"end":{"line":22,"column":28}},"22":{"start":{"line":23,"column":0},"end":{"line":23,"column":3}},"23":{"start":{"line":24,"column":0},"end":{"line":24,"column":0}},"24":{"start":{"line":25,"column":0},"end":{"line":25,"column":45}},"25":{"start":{"line":26,"column":0},"end":{"line":26,"column":61}},"26":{"start":{"line":27,"column":0},"end":{"line":27,"column":0}},"27":{"start":{"line":28,"column":0},"end":{"line":28,"column":42}},"28":{"start":{"line":29,"column":0},"end":{"line":29,"column":0}},"29":{"start":{"line":30,"column":0},"end":{"line":30,"column":46}},"30":{"start":{"line":31,"column":0},"end":{"line":31,"column":55}},"31":{"start":{"line":32,"column":0},"end":{"line":32,"column":43}},"32":{"start":{"line":33,"column":0},"end":{"line":33,"column":9}},"33":{"start":{"line":34,"column":0},"end":{"line":34,"column":32}},"34":{"start":{"line":35,"column":0},"end":{"line":35,"column":48}},"35":{"start":{"line":36,"column":0},"end":{"line":36,"column":7}},"36":{"start":{"line":37,"column":0},"end":{"line":37,"column":6}},"37":{"start":{"line":38,"column":0},"end":{"line":38,"column":0}},"38":{"start":{"line":39,"column":0},"end":{"line":39,"column":53}},"39":{"start":{"line":40,"column":0},"end":{"line":40,"column":51}},"40":{"start":{"line":41,"column":0},"end":{"line":41,"column":45}},"41":{"start":{"line":42,"column":0},"end":{"line":42,"column":7}},"42":{"start":{"line":43,"column":0},"end":{"line":43,"column":6}},"43":{"start":{"line":44,"column":0},"end":{"line":44,"column":0}},"44":{"start":{"line":45,"column":0},"end":{"line":45,"column":57}},"45":{"start":{"line":46,"column":0},"end":{"line":46,"column":64}},"46":{"start":{"line":47,"column":0},"end":{"line":47,"column":74}},"47":{"start":{"line":48,"column":0},"end":{"line":48,"column":7}},"48":{"start":{"line":49,"column":0},"end":{"line":49,"column":6}},"49":{"start":{"line":50,"column":0},"end":{"line":50,"column":0}},"50":{"start":{"line":51,"column":0},"end":{"line":51,"column":27}},"51":{"start":{"line":52,"column":0},"end":{"line":52,"column":55}},"52":{"start":{"line":53,"column":0},"end":{"line":53,"column":64}},"53":{"start":{"line":54,"column":0},"end":{"line":54,"column":9}},"54":{"start":{"line":55,"column":0},"end":{"line":55,"column":5}},"55":{"start":{"line":56,"column":0},"end":{"line":56,"column":0}},"56":{"start":{"line":57,"column":0},"end":{"line":57,"column":31}},"57":{"start":{"line":58,"column":0},"end":{"line":58,"column":3}},"58":{"start":{"line":59,"column":0},"end":{"line":59,"column":0}},"59":{"start":{"line":60,"column":0},"end":{"line":60,"column":59}},"60":{"start":{"line":61,"column":0},"end":{"line":61,"column":31}},"61":{"start":{"line":62,"column":0},"end":{"line":62,"column":34}},"62":{"start":{"line":63,"column":0},"end":{"line":63,"column":5}},"63":{"start":{"line":64,"column":0},"end":{"line":64,"column":59}},"64":{"start":{"line":65,"column":0},"end":{"line":65,"column":58}},"65":{"start":{"line":66,"column":0},"end":{"line":66,"column":17}},"66":{"start":{"line":67,"column":0},"end":{"line":67,"column":3}},"67":{"start":{"line":68,"column":0},"end":{"line":68,"column":0}},"68":{"start":{"line":69,"column":0},"end":{"line":69,"column":92}},"69":{"start":{"line":70,"column":0},"end":{"line":70,"column":31}},"70":{"start":{"line":71,"column":0},"end":{"line":71,"column":34}},"71":{"start":{"line":72,"column":0},"end":{"line":72,"column":5}},"72":{"start":{"line":73,"column":0},"end":{"line":73,"column":86}},"73":{"start":{"line":74,"column":0},"end":{"line":74,"column":61}},"74":{"start":{"line":75,"column":0},"end":{"line":75,"column":59}},"75":{"start":{"line":76,"column":0},"end":{"line":76,"column":18}},"76":{"start":{"line":77,"column":0},"end":{"line":77,"column":3}},"77":{"start":{"line":78,"column":0},"end":{"line":78,"column":0}},"78":{"start":{"line":79,"column":0},"end":{"line":79,"column":72}},"79":{"start":{"line":80,"column":0},"end":{"line":80,"column":30}},"80":{"start":{"line":81,"column":0},"end":{"line":81,"column":88}},"81":{"start":{"line":82,"column":0},"end":{"line":82,"column":5}},"82":{"start":{"line":83,"column":0},"end":{"line":83,"column":3}},"83":{"start":{"line":84,"column":0},"end":{"line":84,"column":0}},"84":{"start":{"line":85,"column":0},"end":{"line":85,"column":72}},"85":{"start":{"line":86,"column":0},"end":{"line":86,"column":30}},"86":{"start":{"line":87,"column":0},"end":{"line":87,"column":80}},"87":{"start":{"line":88,"column":0},"end":{"line":88,"column":5}},"88":{"start":{"line":89,"column":0},"end":{"line":89,"column":3}},"89":{"start":{"line":90,"column":0},"end":{"line":90,"column":0}},"90":{"start":{"line":91,"column":0},"end":{"line":91,"column":39}},"91":{"start":{"line":92,"column":0},"end":{"line":92,"column":27}},"92":{"start":{"line":93,"column":0},"end":{"line":93,"column":60}},"93":{"start":{"line":94,"column":0},"end":{"line":94,"column":32}},"94":{"start":{"line":95,"column":0},"end":{"line":95,"column":9}},"95":{"start":{"line":96,"column":0},"end":{"line":96,"column":5}},"96":{"start":{"line":97,"column":0},"end":{"line":97,"column":3}},"97":{"start":{"line":98,"column":0},"end":{"line":98,"column":0}},"98":{"start":{"line":99,"column":0},"end":{"line":99,"column":39}},"99":{"start":{"line":100,"column":0},"end":{"line":100,"column":27}},"100":{"start":{"line":101,"column":0},"end":{"line":101,"column":60}},"101":{"start":{"line":102,"column":0},"end":{"line":102,"column":32}},"102":{"start":{"line":103,"column":0},"end":{"line":103,"column":9}},"103":{"start":{"line":104,"column":0},"end":{"line":104,"column":5}},"104":{"start":{"line":105,"column":0},"end":{"line":105,"column":3}},"105":{"start":{"line":106,"column":0},"end":{"line":106,"column":0}},"106":{"start":{"line":107,"column":0},"end":{"line":107,"column":19}},"107":{"start":{"line":108,"column":0},"end":{"line":108,"column":27}},"108":{"start":{"line":109,"column":0},"end":{"line":109,"column":68}},"109":{"start":{"line":110,"column":0},"end":{"line":110,"column":30}},"110":{"start":{"line":111,"column":0},"end":{"line":111,"column":5}},"111":{"start":{"line":112,"column":0},"end":{"line":112,"column":30}},"112":{"start":{"line":113,"column":0},"end":{"line":113,"column":34}},"113":{"start":{"line":114,"column":0},"end":{"line":114,"column":33}},"114":{"start":{"line":115,"column":0},"end":{"line":115,"column":5}},"115":{"start":{"line":116,"column":0},"end":{"line":116,"column":29}},"116":{"start":{"line":117,"column":0},"end":{"line":117,"column":3}},"117":{"start":{"line":118,"column":0},"end":{"line":118,"column":1}}},"s":{"0":1,"1":1,"2":1,"3":1,"4":1,"5":1,"6":1,"7":1,"8":19,"9":19,"10":19,"11":19,"12":19,"13":19,"14":19,"15":19,"16":19,"17":5,"18":5,"19":5,"20":5,"21":5,"22":5,"23":19,"24":19,"25":13,"26":13,"27":13,"28":13,"29":13,"30":1,"31":1,"32":1,"33":1,"34":1,"35":1,"36":1,"37":13,"38":13,"39":2,"40":1,"41":1,"42":2,"43":13,"44":13,"45":1,"46":1,"47":1,"48":1,"49":13,"50":13,"51":2,"52":3,"53":2,"54":2,"55":13,"56":13,"57":13,"58":19,"59":19,"60":2,"61":1,"62":1,"63":2,"64":2,"65":2,"66":2,"67":19,"68":19,"69":2,"70":1,"71":1,"72":2,"73":2,"74":2,"75":2,"76":2,"77":19,"78":19,"79":2,"80":1,"81":1,"82":2,"83":19,"84":19,"85":2,"86":1,"87":1,"88":2,"89":19,"90":19,"91":2,"92":2,"93":2,"94":2,"95":2,"96":2,"97":19,"98":19,"99":2,"100":2,"101":2,"102":2,"103":2,"104":2,"105":19,"106":19,"107":2,"108":1,"109":1,"110":1,"111":2,"112":1,"113":1,"114":1,"115":2,"116":2,"117":19},"branchMap":{"0":{"type":"branch","line":8,"loc":{"start":{"line":8,"column":7},"end":{"line":118,"column":1}},"locations":[{"start":{"line":8,"column":7},"end":{"line":118,"column":1}}]},"1":{"type":"branch","line":17,"loc":{"start":{"line":17,"column":2},"end":{"line":23,"column":3}},"locations":[{"start":{"line":17,"column":2},"end":{"line":23,"column":3}}]},"2":{"type":"branch","line":25,"loc":{"start":{"line":25,"column":2},"end":{"line":58,"column":3}},"locations":[{"start":{"line":25,"column":2},"end":{"line":58,"column":3}}]},"3":{"type":"branch","line":51,"loc":{"start":{"line":51,"column":26},"end":{"line":55,"column":5}},"locations":[{"start":{"line":51,"column":26},"end":{"line":55,"column":5}}]},"4":{"type":"branch","line":30,"loc":{"start":{"line":30,"column":34},"end":{"line":37,"column":6}},"locations":[{"start":{"line":30,"column":34},"end":{"line":37,"column":6}}]},"5":{"type":"branch","line":31,"loc":{"start":{"line":31,"column":43},"end":{"line":33,"column":7}},"locations":[{"start":{"line":31,"column":43},"end":{"line":33,"column":7}}]},"6":{"type":"branch","line":39,"loc":{"start":{"line":39,"column":41},"end":{"line":43,"column":6}},"locations":[{"start":{"line":39,"column":41},"end":{"line":43,"column":6}}]},"7":{"type":"branch","line":40,"loc":{"start":{"line":40,"column":16},"end":{"line":40,"column":50}},"locations":[{"start":{"line":40,"column":16},"end":{"line":40,"column":50}}]},"8":{"type":"branch","line":40,"loc":{"start":{"line":40,"column":50},"end":{"line":42,"column":7}},"locations":[{"start":{"line":40,"column":50},"end":{"line":42,"column":7}}]},"9":{"type":"branch","line":45,"loc":{"start":{"line":45,"column":50},"end":{"line":49,"column":6}},"locations":[{"start":{"line":45,"column":50},"end":{"line":49,"column":6}}]},"10":{"type":"branch","line":52,"loc":{"start":{"line":52,"column":43},"end":{"line":54,"column":7}},"locations":[{"start":{"line":52,"column":43},"end":{"line":54,"column":7}}]},"11":{"type":"branch","line":60,"loc":{"start":{"line":60,"column":2},"end":{"line":67,"column":3}},"locations":[{"start":{"line":60,"column":2},"end":{"line":67,"column":3}}]},"12":{"type":"branch","line":61,"loc":{"start":{"line":61,"column":30},"end":{"line":63,"column":5}},"locations":[{"start":{"line":61,"column":30},"end":{"line":63,"column":5}}]},"13":{"type":"branch","line":69,"loc":{"start":{"line":69,"column":2},"end":{"line":77,"column":3}},"locations":[{"start":{"line":69,"column":2},"end":{"line":77,"column":3}}]},"14":{"type":"branch","line":70,"loc":{"start":{"line":70,"column":30},"end":{"line":72,"column":5}},"locations":[{"start":{"line":70,"column":30},"end":{"line":72,"column":5}}]},"15":{"type":"branch","line":79,"loc":{"start":{"line":79,"column":2},"end":{"line":83,"column":3}},"locations":[{"start":{"line":79,"column":2},"end":{"line":83,"column":3}}]},"16":{"type":"branch","line":80,"loc":{"start":{"line":80,"column":29},"end":{"line":82,"column":5}},"locations":[{"start":{"line":80,"column":29},"end":{"line":82,"column":5}}]},"17":{"type":"branch","line":85,"loc":{"start":{"line":85,"column":2},"end":{"line":89,"column":3}},"locations":[{"start":{"line":85,"column":2},"end":{"line":89,"column":3}}]},"18":{"type":"branch","line":86,"loc":{"start":{"line":86,"column":29},"end":{"line":88,"column":5}},"locations":[{"start":{"line":86,"column":29},"end":{"line":88,"column":5}}]},"19":{"type":"branch","line":91,"loc":{"start":{"line":91,"column":2},"end":{"line":97,"column":3}},"locations":[{"start":{"line":91,"column":2},"end":{"line":97,"column":3}}]},"20":{"type":"branch","line":93,"loc":{"start":{"line":93,"column":48},"end":{"line":95,"column":7}},"locations":[{"start":{"line":93,"column":48},"end":{"line":95,"column":7}}]},"21":{"type":"branch","line":99,"loc":{"start":{"line":99,"column":2},"end":{"line":105,"column":3}},"locations":[{"start":{"line":99,"column":2},"end":{"line":105,"column":3}}]},"22":{"type":"branch","line":101,"loc":{"start":{"line":101,"column":48},"end":{"line":103,"column":7}},"locations":[{"start":{"line":101,"column":48},"end":{"line":103,"column":7}}]},"23":{"type":"branch","line":107,"loc":{"start":{"line":107,"column":2},"end":{"line":117,"column":3}},"locations":[{"start":{"line":107,"column":2},"end":{"line":117,"column":3}}]},"24":{"type":"branch","line":108,"loc":{"start":{"line":108,"column":26},"end":{"line":111,"column":5}},"locations":[{"start":{"line":108,"column":26},"end":{"line":111,"column":5}}]},"25":{"type":"branch","line":112,"loc":{"start":{"line":112,"column":29},"end":{"line":115,"column":5}},"locations":[{"start":{"line":112,"column":29},"end":{"line":115,"column":5}}]},"26":{"type":"branch","line":109,"loc":{"start":{"line":109,"column":43},"end":{"line":109,"column":66}},"locations":[{"start":{"line":109,"column":43},"end":{"line":109,"column":66}}]}},"b":{"0":[19],"1":[5],"2":[13],"3":[2],"4":[1],"5":[1],"6":[2],"7":[1],"8":[1],"9":[1],"10":[3],"11":[2],"12":[1],"13":[2],"14":[1],"15":[2],"16":[1],"17":[2],"18":[1],"19":[2],"20":[2],"21":[2],"22":[2],"23":[2],"24":[1],"25":[1],"26":[1]},"fnMap":{"0":{"name":"<instance_members_initializer>","decl":{"start":{"line":8,"column":7},"end":{"line":118,"column":1}},"loc":{"start":{"line":8,"column":7},"end":{"line":118,"column":1}},"line":8},"1":{"name":"initialize","decl":{"start":{"line":17,"column":2},"end":{"line":23,"column":3}},"loc":{"start":{"line":17,"column":2},"end":{"line":23,"column":3}},"line":17},"2":{"name":"createPeerConnection","decl":{"start":{"line":25,"column":2},"end":{"line":58,"column":3}},"loc":{"start":{"line":25,"column":2},"end":{"line":58,"column":3}},"line":25},"3":{"name":"peerConnection.ontrack","decl":{"start":{"line":30,"column":34},"end":{"line":37,"column":6}},"loc":{"start":{"line":30,"column":34},"end":{"line":37,"column":6}},"line":30},"4":{"name":"peerConnection.onicecandidate","decl":{"start":{"line":39,"column":41},"end":{"line":43,"column":6}},"loc":{"start":{"line":39,"column":41},"end":{"line":43,"column":6}},"line":39},"5":{"name":"peerConnection.onconnectionstatechange","decl":{"start":{"line":45,"column":50},"end":{"line":49,"column":6}},"loc":{"start":{"line":45,"column":50},"end":{"line":49,"column":6}},"line":45},"6":{"name":"createOffer","decl":{"start":{"line":60,"column":2},"end":{"line":67,"column":3}},"loc":{"start":{"line":60,"column":2},"end":{"line":67,"column":3}},"line":60},"7":{"name":"createAnswer","decl":{"start":{"line":69,"column":2},"end":{"line":77,"column":3}},"loc":{"start":{"line":69,"column":2},"end":{"line":77,"column":3}},"line":69},"8":{"name":"handleAnswer","decl":{"start":{"line":79,"column":2},"end":{"line":83,"column":3}},"loc":{"start":{"line":79,"column":2},"end":{"line":83,"column":3}},"line":79},"9":{"name":"addIceCandidate","decl":{"start":{"line":85,"column":2},"end":{"line":89,"column":3}},"loc":{"start":{"line":85,"column":2},"end":{"line":89,"column":3}},"line":85},"10":{"name":"toggleAudio","decl":{"start":{"line":91,"column":2},"end":{"line":97,"column":3}},"loc":{"start":{"line":91,"column":2},"end":{"line":97,"column":3}},"line":91},"11":{"name":"toggleVideo","decl":{"start":{"line":99,"column":2},"end":{"line":105,"column":3}},"loc":{"start":{"line":99,"column":2},"end":{"line":105,"column":3}},"line":99},"12":{"name":"cleanup","decl":{"start":{"line":107,"column":2},"end":{"line":117,"column":3}},"loc":{"start":{"line":107,"column":2},"end":{"line":117,"column":3}},"line":107}},"f":{"0":19,"1":5,"2":13,"3":1,"4":2,"5":1,"6":2,"7":2,"8":2,"9":2,"10":2,"11":2,"12":2}}
,"/home/varun/projects/git_projects/samvaad/frontend/src/services/websocket.ts": {"path":"/home/varun/projects/git_projects/samvaad/frontend/src/services/websocket.ts","all":false,"statementMap":{"0":{"start":{"line":1,"column":0},"end":{"line":1,"column":40}},"1":{"start":{"line":2,"column":0},"end":{"line":2,"column":0}},"2":{"start":{"line":3,"column":0},"end":{"line":3,"column":49}},"3":{"start":{"line":4,"column":0},"end":{"line":4,"column":0}},"4":{"start":{"line":5,"column":0},"end":{"line":5,"column":24}},"5":{"start":{"line":6,"column":0},"end":{"line":6,"column":38}},"6":{"start":{"line":7,"column":0},"end":{"line":7,"column":59}},"7":{"start":{"line":8,"column":0},"end":{"line":8,"column":0}},"8":{"start":{"line":9,"column":0},"end":{"line":9,"column":39}},"9":{"start":{"line":10,"column":0},"end":{"line":10,"column":45}},"10":{"start":{"line":11,"column":0},"end":{"line":11,"column":11}},"11":{"start":{"line":12,"column":0},"end":{"line":12,"column":37}},"12":{"start":{"line":13,"column":0},"end":{"line":13,"column":0}},"13":{"start":{"line":14,"column":0},"end":{"line":14,"column":32}},"14":{"start":{"line":15,"column":0},"end":{"line":15,"column":20}},"15":{"start":{"line":16,"column":0},"end":{"line":16,"column":10}},"16":{"start":{"line":17,"column":0},"end":{"line":17,"column":0}},"17":{"start":{"line":18,"column":0},"end":{"line":18,"column":40}},"18":{"start":{"line":19,"column":0},"end":{"line":19,"column":15}},"19":{"start":{"line":20,"column":0},"end":{"line":20,"column":60}},"20":{"start":{"line":21,"column":0},"end":{"line":21,"column":72}},"21":{"start":{"line":22,"column":0},"end":{"line":22,"column":23}},"22":{"start":{"line":23,"column":0},"end":{"line":23,"column":57}},"23":{"start":{"line":24,"column":0},"end":{"line":24,"column":11}},"24":{"start":{"line":25,"column":0},"end":{"line":25,"column":10}},"25":{"start":{"line":26,"column":0},"end":{"line":26,"column":0}},"26":{"start":{"line":27,"column":0},"end":{"line":27,"column":38}},"27":{"start":{"line":28,"column":0},"end":{"line":28,"column":51}},"28":{"start":{"line":29,"column":0},"end":{"line":29,"column":24}},"29":{"start":{"line":30,"column":0},"end":{"line":30,"column":10}},"30":{"start":{"line":31,"column":0},"end":{"line":31,"column":0}},"31":{"start":{"line":32,"column":0},"end":{"line":32,"column":33}},"32":{"start":{"line":33,"column":0},"end":{"line":33,"column":25}},"33":{"start":{"line":34,"column":0},"end":{"line":34,"column":10}},"34":{"start":{"line":35,"column":0},"end":{"line":35,"column":23}},"35":{"start":{"line":36,"column":0},"end":{"line":36,"column":22}},"36":{"start":{"line":37,"column":0},"end":{"line":37,"column":7}},"37":{"start":{"line":38,"column":0},"end":{"line":38,"column":7}},"38":{"start":{"line":39,"column":0},"end":{"line":39,"column":3}},"39":{"start":{"line":40,"column":0},"end":{"line":40,"column":0}},"40":{"start":{"line":41,"column":0},"end":{"line":41,"column":16}},"41":{"start":{"line":42,"column":0},"end":{"line":42,"column":18}},"42":{"start":{"line":43,"column":0},"end":{"line":43,"column":22}},"43":{"start":{"line":44,"column":0},"end":{"line":44,"column":21}},"44":{"start":{"line":45,"column":0},"end":{"line":45,"column":5}},"45":{"start":{"line":46,"column":0},"end":{"line":46,"column":3}},"46":{"start":{"line":47,"column":0},"end":{"line":47,"column":0}},"47":{"start":{"line":48,"column":0},"end":{"line":48,"column":26}},"48":{"start":{"line":49,"column":0},"end":{"line":49,"column":59}},"49":{"start":{"line":50,"column":0},"end":{"line":50,"column":44}},"50":{"start":{"line":51,"column":0},"end":{"line":51,"column":12}},"51":{"start":{"line":52,"column":0},"end":{"line":52,"column":50}},"52":{"start":{"line":53,"column":0},"end":{"line":53,"column":5}},"53":{"start":{"line":54,"column":0},"end":{"line":54,"column":3}},"54":{"start":{"line":55,"column":0},"end":{"line":55,"column":0}},"55":{"start":{"line":56,"column":0},"end":{"line":56,"column":38}},"56":{"start":{"line":57,"column":0},"end":{"line":57,"column":38}},"57":{"start":{"line":58,"column":0},"end":{"line":58,"column":54}},"58":{"start":{"line":59,"column":0},"end":{"line":59,"column":3}},"59":{"start":{"line":60,"column":0},"end":{"line":60,"column":0}},"60":{"start":{"line":61,"column":0},"end":{"line":61,"column":30}},"61":{"start":{"line":62,"column":0},"end":{"line":62,"column":69}},"62":{"start":{"line":63,"column":0},"end":{"line":63,"column":3}},"63":{"start":{"line":64,"column":0},"end":{"line":64,"column":1}},"64":{"start":{"line":65,"column":0},"end":{"line":65,"column":0}},"65":{"start":{"line":66,"column":0},"end":{"line":66,"column":48}}},"s":{"0":1,"1":1,"2":1,"3":1,"4":1,"5":1,"6":1,"7":1,"8":1,"9":9,"10":9,"11":9,"12":9,"13":9,"14":8,"15":8,"16":9,"17":9,"18":3,"19":3,"20":3,"21":3,"22":1,"23":1,"24":3,"25":9,"26":9,"27":1,"28":1,"29":1,"30":9,"31":9,"32":9,"33":9,"34":9,"35":0,"36":0,"37":9,"38":9,"39":1,"40":1,"41":14,"42":8,"43":8,"44":8,"45":14,"46":1,"47":1,"48":2,"49":1,"50":1,"51":1,"52":1,"53":2,"54":1,"55":1,"56":3,"57":3,"58":3,"59":1,"60":1,"61":5,"62":5,"63":1,"64":1,"65":1},"branchMap":{"0":{"type":"branch","line":5,"loc":{"start":{"line":5,"column":0},"end":{"line":64,"column":1}},"locations":[{"start":{"line":5,"column":0},"end":{"line":64,"column":1}}]},"1":{"type":"branch","line":9,"loc":{"start":{"line":9,"column":2},"end":{"line":39,"column":3}},"locations":[{"start":{"line":9,"column":2},"end":{"line":39,"column":3}}]},"2":{"type":"branch","line":10,"loc":{"start":{"line":10,"column":23},"end":{"line":38,"column":5}},"locations":[{"start":{"line":10,"column":23},"end":{"line":38,"column":5}}]},"3":{"type":"branch","line":35,"loc":{"start":{"line":35,"column":6},"end":{"line":37,"column":7}},"locations":[{"start":{"line":35,"column":6},"end":{"line":37,"column":7}}]},"4":{"type":"branch","line":14,"loc":{"start":{"line":14,"column":25},"end":{"line":16,"column":10}},"locations":[{"start":{"line":14,"column":25},"end":{"line":16,"column":10}}]},"5":{"type":"branch","line":18,"loc":{"start":{"line":18,"column":28},"end":{"line":25,"column":10}},"locations":[{"start":{"line":18,"column":28},"end":{"line":25,"column":10}}]},"6":{"type":"branch","line":22,"loc":{"start":{"line":22,"column":10},"end":{"line":24,"column":11}},"locations":[{"start":{"line":22,"column":10},"end":{"line":24,"column":11}}]},"7":{"type":"branch","line":21,"loc":{"start":{"line":21,"column":41},"end":{"line":21,"column":70}},"locations":[{"start":{"line":21,"column":41},"end":{"line":21,"column":70}}]},"8":{"type":"branch","line":27,"loc":{"start":{"line":27,"column":26},"end":{"line":30,"column":10}},"locations":[{"start":{"line":27,"column":26},"end":{"line":30,"column":10}}]},"9":{"type":"branch","line":32,"loc":{"start":{"line":32,"column":26},"end":{"line":34,"column":10}},"locations":[{"start":{"line":32,"column":26},"end":{"line":34,"column":10}}]},"10":{"type":"branch","line":41,"loc":{"start":{"line":41,"column":2},"end":{"line":46,"column":3}},"locations":[{"start":{"line":41,"column":2},"end":{"line":46,"column":3}}]},"11":{"type":"branch","line":42,"loc":{"start":{"line":42,"column":17},"end":{"line":45,"column":5}},"locations":[{"start":{"line":42,"column":17},"end":{"line":45,"column":5}}]},"12":{"type":"branch","line":48,"loc":{"start":{"line":48,"column":2},"end":{"line":54,"column":3}},"locations":[{"start":{"line":48,"column":2},"end":{"line":54,"column":3}}]},"13":{"type":"branch","line":49,"loc":{"start":{"line":49,"column":13},"end":{"line":49,"column":58}},"locations":[{"start":{"line":49,"column":13},"end":{"line":49,"column":58}}]},"14":{"type":"branch","line":49,"loc":{"start":{"line":49,"column":58},"end":{"line":53,"column":5}},"locations":[{"start":{"line":49,"column":58},"end":{"line":53,"column":5}}]},"15":{"type":"branch","line":56,"loc":{"start":{"line":56,"column":2},"end":{"line":59,"column":3}},"locations":[{"start":{"line":56,"column":2},"end":{"line":59,"column":3}}]},"16":{"type":"branch","line":58,"loc":{"start":{"line":58,"column":11},"end":{"line":58,"column":54}},"locations":[{"start":{"line":58,"column":11},"end":{"line":58,"column":54}}]},"17":{"type":"branch","line":61,"loc":{"start":{"line":61,"column":2},"end":{"line":63,"column":3}},"locations":[{"start":{"line":61,"column":2},"end":{"line":63,"column":3}}]},"18":{"type":"branch","line":62,"loc":{"start":{"line":62,"column":23},"end":{"line":62,"column":69}},"locations":[{"start":{"line":62,"column":23},"end":{"line":62,"column":69}}]}},"b":{"0":[1],"1":[9],"2":[9],"3":[0],"4":[8],"5":[3],"6":[1],"7":[3],"8":[1],"9":[9],"10":[14],"11":[8],"12":[2],"13":[1],"14":[1],"15":[3],"16":[1],"17":[5],"18":[2]},"fnMap":{"0":{"name":"<instance_members_initializer>","decl":{"start":{"line":5,"column":0},"end":{"line":64,"column":1}},"loc":{"start":{"line":5,"column":0},"end":{"line":64,"column":1}},"line":5},"1":{"name":"connect","decl":{"start":{"line":9,"column":2},"end":{"line":39,"column":3}},"loc":{"start":{"line":9,"column":2},"end":{"line":39,"column":3}},"line":9},"2":{"name":"ws.onopen","decl":{"start":{"line":14,"column":25},"end":{"line":16,"column":10}},"loc":{"start":{"line":14,"column":25},"end":{"line":16,"column":10}},"line":14},"3":{"name":"ws.onmessage","decl":{"start":{"line":18,"column":28},"end":{"line":25,"column":10}},"loc":{"start":{"line":18,"column":28},"end":{"line":25,"column":10}},"line":18},"4":{"name":"ws.onerror","decl":{"start":{"line":27,"column":26},"end":{"line":30,"column":10}},"loc":{"start":{"line":27,"column":26},"end":{"line":30,"column":10}},"line":27},"5":{"name":"ws.onclose","decl":{"start":{"line":32,"column":26},"end":{"line":34,"column":10}},"loc":{"start":{"line":32,"column":26},"end":{"line":34,"column":10}},"line":32},"6":{"name":"disconnect","decl":{"start":{"line":41,"column":2},"end":{"line":46,"column":3}},"loc":{"start":{"line":41,"column":2},"end":{"line":46,"column":3}},"line":41},"7":{"name":"send","decl":{"start":{"line":48,"column":2},"end":{"line":54,"column":3}},"loc":{"start":{"line":48,"column":2},"end":{"line":54,"column":3}},"line":48},"8":{"name":"onMessage","decl":{"start":{"line":56,"column":2},"end":{"line":59,"column":3}},"loc":{"start":{"line":56,"column":2},"end":{"line":59,"column":3}},"line":56},"9":{"name":"get isConnected","decl":{"start":{"line":61,"column":2},"end":{"line":63,"column":3}},"loc":{"start":{"line":61,"column":2},"end":{"line":63,"column":3}},"line":61}},"f":{"0":1,"1":9,"2":8,"3":3,"4":1,"5":9,"6":14,"7":2,"8":3,"9":5}}
}
